2022-02-23 16:28:51,949:INFO:PyCaret Supervised Module
2022-02-23 16:28:51,949:INFO:ML Usecase: regression
2022-02-23 16:28:51,949:INFO:version 2.3.6
2022-02-23 16:28:51,949:INFO:Initializing setup()
2022-02-23 16:28:51,949:INFO:setup(target=Sales, ml_usecase=regression, available_plots={'parameter': 'Hyperparameters', 'residuals': 'Residuals', 'error': 'Prediction Error', 'cooks': 'Cooks Distance', 'rfe': 'Feature Selection', 'learning': 'Learning Curve', 'manifold': 'Manifold Learning', 'vc': 'Validation Curve', 'feature': 'Feature Importance', 'feature_all': 'Feature Importance (All)', 'tree': 'Decision Tree', 'residuals_interactive': 'Interactive Residuals'}, train_size=0.7, test_data=     t years quarters   Sales
35  36    94       Q4  4017.0
36  37    95       Q1  3854.0
37  38    95       Q2  4936.0
38  39    95       Q3  4895.0
39  40    95       Q4  4333.0
40  41    96       Q1  4194.0
41  42    96       Q2  5253.0, preprocess=True, imputation_type=simple, iterative_imputation_iters=5, categorical_features=None, categorical_imputation=constant, categorical_iterative_imputer=lightgbm, ordinal_features=None, high_cardinality_features=None, high_cardinality_method=frequency, numeric_features=['years', 't'], numeric_imputation=mean, numeric_iterative_imputer=lightgbm, date_features=None, ignore_features=None, normalize=False, normalize_method=zscore, transformation=False, transformation_method=yeo-johnson, handle_unknown_categorical=True, unknown_categorical_method=least_frequent, pca=False, pca_method=linear, pca_components=None, ignore_low_variance=False, combine_rare_levels=False, rare_level_threshold=0.1, bin_numeric_features=None, remove_outliers=False, outliers_threshold=0.05, remove_multicollinearity=False, multicollinearity_threshold=0.9, remove_perfect_collinearity=True, create_clusters=False, cluster_iter=20, polynomial_features=False, polynomial_degree=2, trigonometry_features=False, polynomial_threshold=0.1, group_features=None, group_names=None, feature_selection=False, feature_selection_threshold=0.8, feature_selection_method=classic, feature_interaction=False, feature_ratio=False, interaction_threshold=0.01, fix_imbalance=False, fix_imbalance_method=None, transform_target=True, transform_target_method=box-cox, data_split_shuffle=True, data_split_stratify=False, fold_strategy=timeseries, fold=3, fold_shuffle=False, fold_groups=None, n_jobs=-1, use_gpu=False, custom_pipeline=None, html=True, session_id=123, log_experiment=False, experiment_name=None, log_plots=False, log_profile=False, log_data=False, silent=False, verbose=True, profile=False, profile_kwargs=None, display=None)
2022-02-23 16:28:51,949:INFO:Checking environment
2022-02-23 16:28:51,949:INFO:python_version: 3.8.8
2022-02-23 16:28:51,949:INFO:python_build: ('default', 'Apr 13 2021 15:08:03')
2022-02-23 16:28:51,949:INFO:machine: AMD64
2022-02-23 16:28:51,949:INFO:platform: Windows-10-10.0.22000-SP0
2022-02-23 16:28:51,949:INFO:Memory: svmem(total=8451309568, available=2845859840, percent=66.3, used=5605449728, free=2845859840)
2022-02-23 16:28:51,949:INFO:Physical Core: 4
2022-02-23 16:28:51,949:INFO:Logical Core: 8
2022-02-23 16:28:51,949:INFO:Checking libraries
2022-02-23 16:28:51,949:INFO:pd==1.2.4
2022-02-23 16:28:51,949:INFO:numpy==1.22.2
2022-02-23 16:28:51,949:INFO:sklearn==0.23.2
2022-02-23 16:28:51,949:INFO:lightgbm==3.3.2
2022-02-23 16:28:51,949:WARNING:catboost not found
2022-02-23 16:28:51,949:WARNING:xgboost not found
2022-02-23 16:28:52,690:INFO:mlflow==1.23.1
2022-02-23 16:28:52,690:INFO:Checking Exceptions
2022-02-23 16:28:52,690:INFO:Declaring global variables
2022-02-23 16:28:52,690:INFO:USI: bf87
2022-02-23 16:28:52,690:INFO:pycaret_globals: {'_all_metrics', '_all_models_internal', 'fix_imbalance_param', 'fix_imbalance_method_param', '_ml_usecase', 'html_param', 'gpu_param', 'fold_generator', 'USI', 'n_jobs_param', 'transform_target_method_param', 'log_plots_param', 'imputation_classifier', 'stratify_param', 'target_param', 'y_train', 'X_test', 'experiment__', 'exp_name_log', 'pycaret_globals', 'prep_pipe', 'data_before_preprocess', 'display_container', '_internal_pipeline', 'seed', 'master_model_container', 'fold_groups_param_full', 'fold_groups_param', 'y_test', 'X', 'transform_target_param', 'iterative_imputation_iters_param', '_gpu_n_jobs_param', 'X_train', 'fold_param', '_available_plots', 'fold_shuffle_param', 'logging_param', 'imputation_regressor', 'create_model_container', '_all_models', 'y'}
2022-02-23 16:28:52,690:INFO:Preparing display monitor
2022-02-23 16:28:52,690:INFO:Preparing display monitor
2022-02-23 16:28:52,705:INFO:Importing libraries
2022-02-23 16:28:52,705:INFO:Copying data for preprocessing
2022-02-23 16:28:52,713:INFO:Declaring preprocessing parameters
2022-02-23 16:28:52,713:INFO:Creating preprocessing pipeline
2022-02-23 16:28:52,721:INFO:Preprocessing pipeline created successfully
2022-02-23 16:28:52,721:ERROR:(Process Exit): setup has been interupted with user command 'quit'. setup must rerun.
2022-02-23 16:28:52,721:INFO:Creating global containers
2022-02-23 16:28:52,721:INFO:Internal pipeline: Pipeline(memory=None, steps=[('empty_step', 'passthrough')], verbose=False)
2022-02-23 16:28:53,171:WARNING:Couldn't import xgboost.XGBRegressor
2022-02-23 16:28:53,171:WARNING:Couldn't import catboost.CatBoostRegressor
2022-02-23 16:28:53,327:WARNING:Couldn't import xgboost.XGBRegressor
2022-02-23 16:28:53,335:WARNING:Couldn't import catboost.CatBoostRegressor
2022-02-23 16:28:53,335:INFO:Creating grid variables
2022-02-23 16:28:53,356:INFO:create_model_container: 0
2022-02-23 16:28:53,356:INFO:master_model_container: 0
2022-02-23 16:28:53,356:INFO:display_container: 1
2022-02-23 16:28:53,356:INFO:Pipeline(memory=None,
         steps=[('dtypes',
                 DataTypes_Auto_infer(categorical_features=[],
                                      display_types=True, features_todrop=[],
                                      id_columns=[], ml_usecase='regression',
                                      numerical_features=['years', 't'],
                                      target='Sales', time_features=[])),
                ('imputer',
                 Simple_Imputer(categorical_strategy='not_available',
                                fill_value_categorical=None,
                                fill_value_numerical=None,
                                numeric...
                ('scaling', 'passthrough'), ('P_transform', 'passthrough'),
                ('binn', 'passthrough'), ('rem_outliers', 'passthrough'),
                ('cluster_all', 'passthrough'),
                ('dummy', Dummify(target='Sales')),
                ('fix_perfect', Remove_100(target='Sales')),
                ('clean_names', Clean_Colum_Names()),
                ('feature_select', 'passthrough'), ('fix_multi', 'passthrough'),
                ('dfs', 'passthrough'), ('pca', 'passthrough')],
         verbose=False)
2022-02-23 16:28:53,356:INFO:setup() succesfully completed......................................
2022-02-23 16:28:53,452:INFO:Initializing compare_models()
2022-02-23 16:28:53,452:INFO:compare_models(include=None, fold=None, round=4, cross_validation=True, sort=RMSE, n_select=1, budget_time=None, turbo=True, errors=ignore, fit_kwargs=None, groups=None, probability_threshold=None, verbose=True, display=None, exclude=None)
2022-02-23 16:28:53,452:INFO:Checking exceptions
2022-02-23 16:28:53,452:INFO:Preparing display monitor
2022-02-23 16:28:53,452:INFO:Preparing display monitor
2022-02-23 16:28:53,500:INFO:Initializing Linear Regression
2022-02-23 16:28:53,500:INFO:Total runtime is 0.0 minutes
2022-02-23 16:28:53,508:INFO:SubProcess create_model() called ==================================
2022-02-23 16:28:53,508:INFO:Initializing create_model()
2022-02-23 16:28:53,508:INFO:create_model(estimator=lr, fold=TimeSeriesSplit(max_train_size=None, n_splits=3), round=4, cross_validation=True, predict=True, fit_kwargs={}, groups=None, refit=False, verbose=False, system=False, metrics=None, add_to_model_list=True, probability_threshold=None, display=<pycaret.internal.Display.Display object at 0x000002A5FE763730>, kwargs={})
2022-02-23 16:28:53,508:INFO:Checking exceptions
2022-02-23 16:28:53,508:INFO:Importing libraries
2022-02-23 16:28:53,508:INFO:Copying training dataset
2022-02-23 16:28:53,508:INFO:Defining folds
2022-02-23 16:28:53,508:INFO:Declaring metric variables
2022-02-23 16:28:53,516:INFO:Importing untrained model
2022-02-23 16:28:53,532:INFO:Linear Regression Imported succesfully
2022-02-23 16:28:53,556:INFO:Starting cross validation
2022-02-23 16:28:53,564:INFO:Cross validating with TimeSeriesSplit(max_train_size=None, n_splits=3), n_jobs=-1
2022-02-23 16:28:58,020:INFO:Calculating mean and std
2022-02-23 16:28:58,020:INFO:Creating metrics dataframe
2022-02-23 16:28:58,020:INFO:Uploading results into container
2022-02-23 16:28:58,020:INFO:Uploading model into container now
2022-02-23 16:28:58,020:INFO:create_model_container: 1
2022-02-23 16:28:58,020:INFO:master_model_container: 1
2022-02-23 16:28:58,020:INFO:display_container: 2
2022-02-23 16:28:58,020:INFO:PowerTransformedTargetRegressor(copy_X=True, fit_intercept=True, n_jobs=-1,
                                normalize=False,
                                power_transformer_method='box-cox',
                                power_transformer_standardize=True,
                                regressor=LinearRegression(copy_X=True,
                                                           fit_intercept=True,
                                                           n_jobs=-1,
                                                           normalize=False))
2022-02-23 16:28:58,020:INFO:create_model() succesfully completed......................................
2022-02-23 16:28:58,146:INFO:SubProcess create_model() end ==================================
2022-02-23 16:28:58,146:INFO:Creating metrics dataframe
2022-02-23 16:28:58,146:INFO:Initializing Lasso Regression
2022-02-23 16:28:58,146:INFO:Total runtime is 0.07743214368820191 minutes
2022-02-23 16:28:58,173:INFO:SubProcess create_model() called ==================================
2022-02-23 16:28:58,173:INFO:Initializing create_model()
2022-02-23 16:28:58,173:INFO:create_model(estimator=lasso, fold=TimeSeriesSplit(max_train_size=None, n_splits=3), round=4, cross_validation=True, predict=True, fit_kwargs={}, groups=None, refit=False, verbose=False, system=False, metrics=None, add_to_model_list=True, probability_threshold=None, display=<pycaret.internal.Display.Display object at 0x000002A5FE763730>, kwargs={})
2022-02-23 16:28:58,173:INFO:Checking exceptions
2022-02-23 16:28:58,173:INFO:Importing libraries
2022-02-23 16:28:58,173:INFO:Copying training dataset
2022-02-23 16:28:58,173:INFO:Defining folds
2022-02-23 16:28:58,173:INFO:Declaring metric variables
2022-02-23 16:28:58,181:INFO:Importing untrained model
2022-02-23 16:28:58,197:INFO:Lasso Regression Imported succesfully
2022-02-23 16:28:58,221:INFO:Starting cross validation
2022-02-23 16:28:58,221:INFO:Cross validating with TimeSeriesSplit(max_train_size=None, n_splits=3), n_jobs=-1
2022-02-23 16:29:02,170:INFO:Calculating mean and std
2022-02-23 16:29:02,170:INFO:Creating metrics dataframe
2022-02-23 16:29:02,186:INFO:Uploading results into container
2022-02-23 16:29:02,186:INFO:Uploading model into container now
2022-02-23 16:29:02,186:INFO:create_model_container: 2
2022-02-23 16:29:02,186:INFO:master_model_container: 2
2022-02-23 16:29:02,186:INFO:display_container: 2
2022-02-23 16:29:02,190:INFO:PowerTransformedTargetRegressor(alpha=1.0, copy_X=True, fit_intercept=True,
                                max_iter=1000, normalize=False, positive=False,
                                power_transformer_method='box-cox',
                                power_transformer_standardize=True,
                                precompute=False, random_state=123,
                                regressor=Lasso(alpha=1.0, copy_X=True,
                                                fit_intercept=True,
                                                max_iter=1000, normalize=False,
                                                positive=False,
                                                precompute=False,
                                                random_state=123,
                                                selection='cyclic', tol=0.0001,
                                                warm_start=False),
                                selection='cyclic', tol=0.0001,
                                warm_start=False)
2022-02-23 16:29:02,190:INFO:create_model() succesfully completed......................................
2022-02-23 16:29:02,303:INFO:SubProcess create_model() end ==================================
2022-02-23 16:29:02,303:INFO:Creating metrics dataframe
2022-02-23 16:29:02,319:INFO:Initializing Ridge Regression
2022-02-23 16:29:02,319:INFO:Total runtime is 0.14697203636169434 minutes
2022-02-23 16:29:02,319:INFO:SubProcess create_model() called ==================================
2022-02-23 16:29:02,331:INFO:Initializing create_model()
2022-02-23 16:29:02,331:INFO:create_model(estimator=ridge, fold=TimeSeriesSplit(max_train_size=None, n_splits=3), round=4, cross_validation=True, predict=True, fit_kwargs={}, groups=None, refit=False, verbose=False, system=False, metrics=None, add_to_model_list=True, probability_threshold=None, display=<pycaret.internal.Display.Display object at 0x000002A5FE763730>, kwargs={})
2022-02-23 16:29:02,331:INFO:Checking exceptions
2022-02-23 16:29:02,331:INFO:Importing libraries
2022-02-23 16:29:02,331:INFO:Copying training dataset
2022-02-23 16:29:02,331:INFO:Defining folds
2022-02-23 16:29:02,331:INFO:Declaring metric variables
2022-02-23 16:29:02,339:INFO:Importing untrained model
2022-02-23 16:29:02,355:INFO:Ridge Regression Imported succesfully
2022-02-23 16:29:02,379:INFO:Starting cross validation
2022-02-23 16:29:02,379:INFO:Cross validating with TimeSeriesSplit(max_train_size=None, n_splits=3), n_jobs=-1
2022-02-23 16:29:05,078:INFO:Calculating mean and std
2022-02-23 16:29:05,094:INFO:Creating metrics dataframe
2022-02-23 16:29:05,094:INFO:Uploading results into container
2022-02-23 16:29:05,094:INFO:Uploading model into container now
2022-02-23 16:29:05,094:INFO:create_model_container: 3
2022-02-23 16:29:05,094:INFO:master_model_container: 3
2022-02-23 16:29:05,094:INFO:display_container: 2
2022-02-23 16:29:05,094:INFO:PowerTransformedTargetRegressor(alpha=1.0, copy_X=True, fit_intercept=True,
                                max_iter=None, normalize=False,
                                power_transformer_method='box-cox',
                                power_transformer_standardize=True,
                                random_state=123,
                                regressor=Ridge(alpha=1.0, copy_X=True,
                                                fit_intercept=True,
                                                max_iter=None, normalize=False,
                                                random_state=123, solver='auto',
                                                tol=0.001),
                                solver='auto', tol=0.001)
2022-02-23 16:29:05,094:INFO:create_model() succesfully completed......................................
2022-02-23 16:29:05,189:INFO:SubProcess create_model() end ==================================
2022-02-23 16:29:05,189:INFO:Creating metrics dataframe
2022-02-23 16:29:05,205:INFO:Initializing Elastic Net
2022-02-23 16:29:05,205:INFO:Total runtime is 0.19507507085800171 minutes
2022-02-23 16:29:05,219:INFO:SubProcess create_model() called ==================================
2022-02-23 16:29:05,219:INFO:Initializing create_model()
2022-02-23 16:29:05,219:INFO:create_model(estimator=en, fold=TimeSeriesSplit(max_train_size=None, n_splits=3), round=4, cross_validation=True, predict=True, fit_kwargs={}, groups=None, refit=False, verbose=False, system=False, metrics=None, add_to_model_list=True, probability_threshold=None, display=<pycaret.internal.Display.Display object at 0x000002A5FE763730>, kwargs={})
2022-02-23 16:29:05,219:INFO:Checking exceptions
2022-02-23 16:29:05,219:INFO:Importing libraries
2022-02-23 16:29:05,219:INFO:Copying training dataset
2022-02-23 16:29:05,219:INFO:Defining folds
2022-02-23 16:29:05,219:INFO:Declaring metric variables
2022-02-23 16:29:05,235:INFO:Importing untrained model
2022-02-23 16:29:05,251:INFO:Elastic Net Imported succesfully
2022-02-23 16:29:05,275:INFO:Starting cross validation
2022-02-23 16:29:05,275:INFO:Cross validating with TimeSeriesSplit(max_train_size=None, n_splits=3), n_jobs=-1
2022-02-23 16:29:05,307:INFO:Calculating mean and std
2022-02-23 16:29:05,307:INFO:Creating metrics dataframe
2022-02-23 16:29:05,318:INFO:Uploading results into container
2022-02-23 16:29:05,318:INFO:Uploading model into container now
2022-02-23 16:29:05,318:INFO:create_model_container: 4
2022-02-23 16:29:05,318:INFO:master_model_container: 4
2022-02-23 16:29:05,318:INFO:display_container: 2
2022-02-23 16:29:05,318:INFO:PowerTransformedTargetRegressor(alpha=1.0, copy_X=True, fit_intercept=True,
                                l1_ratio=0.5, max_iter=1000, normalize=False,
                                positive=False,
                                power_transformer_method='box-cox',
                                power_transformer_standardize=True,
                                precompute=False, random_state=123,
                                regressor=ElasticNet(alpha=1.0, copy_X=True,
                                                     fit_intercept=True,
                                                     l1_ratio=0.5,
                                                     max_iter=1000,
                                                     normalize=False,
                                                     positive=False,
                                                     precompute=False,
                                                     random_state=123,
                                                     selection='cyclic',
                                                     tol=0.0001,
                                                     warm_start=False),
                                selection='cyclic', tol=0.0001,
                                warm_start=False)
2022-02-23 16:29:05,318:INFO:create_model() succesfully completed......................................
2022-02-23 16:29:05,380:INFO:SubProcess create_model() end ==================================
2022-02-23 16:29:05,380:INFO:Creating metrics dataframe
2022-02-23 16:29:05,414:INFO:Initializing Least Angle Regression
2022-02-23 16:29:05,414:INFO:Total runtime is 0.198556653658549 minutes
2022-02-23 16:29:05,430:INFO:SubProcess create_model() called ==================================
2022-02-23 16:29:05,430:INFO:Initializing create_model()
2022-02-23 16:29:05,430:INFO:create_model(estimator=lar, fold=TimeSeriesSplit(max_train_size=None, n_splits=3), round=4, cross_validation=True, predict=True, fit_kwargs={}, groups=None, refit=False, verbose=False, system=False, metrics=None, add_to_model_list=True, probability_threshold=None, display=<pycaret.internal.Display.Display object at 0x000002A5FE763730>, kwargs={})
2022-02-23 16:29:05,430:INFO:Checking exceptions
2022-02-23 16:29:05,430:INFO:Importing libraries
2022-02-23 16:29:05,430:INFO:Copying training dataset
2022-02-23 16:29:05,430:INFO:Defining folds
2022-02-23 16:29:05,430:INFO:Declaring metric variables
2022-02-23 16:29:05,446:INFO:Importing untrained model
2022-02-23 16:29:05,462:INFO:Least Angle Regression Imported succesfully
2022-02-23 16:29:05,486:INFO:Starting cross validation
2022-02-23 16:29:05,486:INFO:Cross validating with TimeSeriesSplit(max_train_size=None, n_splits=3), n_jobs=-1
2022-02-23 16:29:05,526:INFO:Calculating mean and std
2022-02-23 16:29:05,526:INFO:Creating metrics dataframe
2022-02-23 16:29:05,526:INFO:Uploading results into container
2022-02-23 16:29:05,526:INFO:Uploading model into container now
2022-02-23 16:29:05,526:INFO:create_model_container: 5
2022-02-23 16:29:05,534:INFO:master_model_container: 5
2022-02-23 16:29:05,534:INFO:display_container: 2
2022-02-23 16:29:05,534:INFO:PowerTransformedTargetRegressor(copy_X=True, eps=2.220446049250313e-16,
                                fit_intercept=True, fit_path=True, jitter=None,
                                n_nonzero_coefs=500, normalize=True,
                                power_transformer_method='box-cox',
                                power_transformer_standardize=True,
                                precompute='auto', random_state=123,
                                regressor=Lars(copy_X=True,
                                               eps=2.220446049250313e-16,
                                               fit_intercept=True,
                                               fit_path=True, jitter=None,
                                               n_nonzero_coefs=500,
                                               normalize=True,
                                               precompute='auto',
                                               random_state=123,
                                               verbose=False),
                                verbose=False)
2022-02-23 16:29:05,534:INFO:create_model() succesfully completed......................................
2022-02-23 16:29:05,597:INFO:SubProcess create_model() end ==================================
2022-02-23 16:29:05,597:INFO:Creating metrics dataframe
2022-02-23 16:29:05,628:INFO:Initializing Lasso Least Angle Regression
2022-02-23 16:29:05,628:INFO:Total runtime is 0.20212097962697348 minutes
2022-02-23 16:29:05,642:INFO:SubProcess create_model() called ==================================
2022-02-23 16:29:05,642:INFO:Initializing create_model()
2022-02-23 16:29:05,642:INFO:create_model(estimator=llar, fold=TimeSeriesSplit(max_train_size=None, n_splits=3), round=4, cross_validation=True, predict=True, fit_kwargs={}, groups=None, refit=False, verbose=False, system=False, metrics=None, add_to_model_list=True, probability_threshold=None, display=<pycaret.internal.Display.Display object at 0x000002A5FE763730>, kwargs={})
2022-02-23 16:29:05,642:INFO:Checking exceptions
2022-02-23 16:29:05,642:INFO:Importing libraries
2022-02-23 16:29:05,642:INFO:Copying training dataset
2022-02-23 16:29:05,642:INFO:Defining folds
2022-02-23 16:29:05,642:INFO:Declaring metric variables
2022-02-23 16:29:05,650:INFO:Importing untrained model
2022-02-23 16:29:05,666:INFO:Lasso Least Angle Regression Imported succesfully
2022-02-23 16:29:05,698:INFO:Starting cross validation
2022-02-23 16:29:05,698:INFO:Cross validating with TimeSeriesSplit(max_train_size=None, n_splits=3), n_jobs=-1
2022-02-23 16:29:05,738:INFO:Calculating mean and std
2022-02-23 16:29:05,738:INFO:Creating metrics dataframe
2022-02-23 16:29:05,746:INFO:Uploading results into container
2022-02-23 16:29:05,746:INFO:Uploading model into container now
2022-02-23 16:29:05,746:INFO:create_model_container: 6
2022-02-23 16:29:05,746:INFO:master_model_container: 6
2022-02-23 16:29:05,746:INFO:display_container: 2
2022-02-23 16:29:05,751:INFO:PowerTransformedTargetRegressor(alpha=1.0, copy_X=True,
                                eps=2.220446049250313e-16, fit_intercept=True,
                                fit_path=True, jitter=None, max_iter=500,
                                normalize=True, positive=False,
                                power_transformer_method='box-cox',
                                power_transformer_standardize=True,
                                precompute='auto', random_state=123,
                                regressor=LassoLars(alpha=1.0, copy_X=True,
                                                    eps=2.220446049250313e-16,
                                                    fit_intercept=True,
                                                    fit_path=True, jitter=None,
                                                    max_iter=500,
                                                    normalize=True,
                                                    positive=False,
                                                    precompute='auto',
                                                    random_state=123,
                                                    verbose=False),
                                verbose=False)
2022-02-23 16:29:05,751:INFO:create_model() succesfully completed......................................
2022-02-23 16:29:05,815:INFO:SubProcess create_model() end ==================================
2022-02-23 16:29:05,815:INFO:Creating metrics dataframe
2022-02-23 16:29:05,844:INFO:Initializing Orthogonal Matching Pursuit
2022-02-23 16:29:05,844:INFO:Total runtime is 0.2057262420654297 minutes
2022-02-23 16:29:05,850:INFO:SubProcess create_model() called ==================================
2022-02-23 16:29:05,850:INFO:Initializing create_model()
2022-02-23 16:29:05,850:INFO:create_model(estimator=omp, fold=TimeSeriesSplit(max_train_size=None, n_splits=3), round=4, cross_validation=True, predict=True, fit_kwargs={}, groups=None, refit=False, verbose=False, system=False, metrics=None, add_to_model_list=True, probability_threshold=None, display=<pycaret.internal.Display.Display object at 0x000002A5FE763730>, kwargs={})
2022-02-23 16:29:05,850:INFO:Checking exceptions
2022-02-23 16:29:05,850:INFO:Importing libraries
2022-02-23 16:29:05,850:INFO:Copying training dataset
2022-02-23 16:29:05,858:INFO:Defining folds
2022-02-23 16:29:05,858:INFO:Declaring metric variables
2022-02-23 16:29:05,866:INFO:Importing untrained model
2022-02-23 16:29:05,882:INFO:Orthogonal Matching Pursuit Imported succesfully
2022-02-23 16:29:05,906:INFO:Starting cross validation
2022-02-23 16:29:05,906:INFO:Cross validating with TimeSeriesSplit(max_train_size=None, n_splits=3), n_jobs=-1
2022-02-23 16:29:05,938:INFO:Calculating mean and std
2022-02-23 16:29:05,946:INFO:Creating metrics dataframe
2022-02-23 16:29:05,946:INFO:Uploading results into container
2022-02-23 16:29:05,946:INFO:Uploading model into container now
2022-02-23 16:29:05,946:INFO:create_model_container: 7
2022-02-23 16:29:05,946:INFO:master_model_container: 7
2022-02-23 16:29:05,946:INFO:display_container: 2
2022-02-23 16:29:05,946:INFO:PowerTransformedTargetRegressor(fit_intercept=True, n_nonzero_coefs=None,
                                normalize=True,
                                power_transformer_method='box-cox',
                                power_transformer_standardize=True,
                                precompute='auto',
                                regressor=OrthogonalMatchingPursuit(fit_intercept=True,
                                                                    n_nonzero_coefs=None,
                                                                    normalize=True,
                                                                    precompute='auto',
                                                                    tol=None),
                                tol=None)
2022-02-23 16:29:05,946:INFO:create_model() succesfully completed......................................
2022-02-23 16:29:06,017:INFO:SubProcess create_model() end ==================================
2022-02-23 16:29:06,017:INFO:Creating metrics dataframe
2022-02-23 16:29:06,041:INFO:Initializing Bayesian Ridge
2022-02-23 16:29:06,049:INFO:Total runtime is 0.2091393272082011 minutes
2022-02-23 16:29:06,058:INFO:SubProcess create_model() called ==================================
2022-02-23 16:29:06,058:INFO:Initializing create_model()
2022-02-23 16:29:06,058:INFO:create_model(estimator=br, fold=TimeSeriesSplit(max_train_size=None, n_splits=3), round=4, cross_validation=True, predict=True, fit_kwargs={}, groups=None, refit=False, verbose=False, system=False, metrics=None, add_to_model_list=True, probability_threshold=None, display=<pycaret.internal.Display.Display object at 0x000002A5FE763730>, kwargs={})
2022-02-23 16:29:06,058:INFO:Checking exceptions
2022-02-23 16:29:06,058:INFO:Importing libraries
2022-02-23 16:29:06,058:INFO:Copying training dataset
2022-02-23 16:29:06,058:INFO:Defining folds
2022-02-23 16:29:06,058:INFO:Declaring metric variables
2022-02-23 16:29:06,066:INFO:Importing untrained model
2022-02-23 16:29:06,082:INFO:Bayesian Ridge Imported succesfully
2022-02-23 16:29:06,114:INFO:Starting cross validation
2022-02-23 16:29:06,114:INFO:Cross validating with TimeSeriesSplit(max_train_size=None, n_splits=3), n_jobs=-1
2022-02-23 16:29:06,154:INFO:Calculating mean and std
2022-02-23 16:29:06,154:INFO:Creating metrics dataframe
2022-02-23 16:29:06,154:INFO:Uploading results into container
2022-02-23 16:29:06,154:INFO:Uploading model into container now
2022-02-23 16:29:06,154:INFO:create_model_container: 8
2022-02-23 16:29:06,154:INFO:master_model_container: 8
2022-02-23 16:29:06,154:INFO:display_container: 2
2022-02-23 16:29:06,162:INFO:PowerTransformedTargetRegressor(alpha_1=1e-06, alpha_2=1e-06, alpha_init=None,
                                compute_score=False, copy_X=True,
                                fit_intercept=True, lambda_1=1e-06,
                                lambda_2=1e-06, lambda_init=None, n_iter=300,
                                normalize=False,
                                power_transformer_method='box-cox',
                                power_transformer_standardize=True,
                                regressor=BayesianRidge(alpha_1=1e-06,
                                                        alpha_2=1e-06,
                                                        alpha_init=None,
                                                        compute_score=False,
                                                        copy_X=True,
                                                        fit_intercept=True,
                                                        lambda_1=1e-06,
                                                        lambda_2=1e-06,
                                                        lambda_init=None,
                                                        n_iter=300,
                                                        normalize=False,
                                                        tol=0.001,
                                                        verbose=False),
                                tol=0.001, verbose=False)
2022-02-23 16:29:06,162:INFO:create_model() succesfully completed......................................
2022-02-23 16:29:06,225:INFO:SubProcess create_model() end ==================================
2022-02-23 16:29:06,225:INFO:Creating metrics dataframe
2022-02-23 16:29:06,251:INFO:Initializing Passive Aggressive Regressor
2022-02-23 16:29:06,251:INFO:Total runtime is 0.2125149130821228 minutes
2022-02-23 16:29:06,266:INFO:SubProcess create_model() called ==================================
2022-02-23 16:29:06,266:INFO:Initializing create_model()
2022-02-23 16:29:06,266:INFO:create_model(estimator=par, fold=TimeSeriesSplit(max_train_size=None, n_splits=3), round=4, cross_validation=True, predict=True, fit_kwargs={}, groups=None, refit=False, verbose=False, system=False, metrics=None, add_to_model_list=True, probability_threshold=None, display=<pycaret.internal.Display.Display object at 0x000002A5FE763730>, kwargs={})
2022-02-23 16:29:06,266:INFO:Checking exceptions
2022-02-23 16:29:06,266:INFO:Importing libraries
2022-02-23 16:29:06,266:INFO:Copying training dataset
2022-02-23 16:29:06,266:INFO:Defining folds
2022-02-23 16:29:06,266:INFO:Declaring metric variables
2022-02-23 16:29:06,282:INFO:Importing untrained model
2022-02-23 16:29:06,290:INFO:Passive Aggressive Regressor Imported succesfully
2022-02-23 16:29:06,322:INFO:Starting cross validation
2022-02-23 16:29:06,322:INFO:Cross validating with TimeSeriesSplit(max_train_size=None, n_splits=3), n_jobs=-1
2022-02-23 16:29:06,354:INFO:Calculating mean and std
2022-02-23 16:29:06,354:INFO:Creating metrics dataframe
2022-02-23 16:29:06,362:INFO:Uploading results into container
2022-02-23 16:29:06,362:INFO:Uploading model into container now
2022-02-23 16:29:06,362:INFO:create_model_container: 9
2022-02-23 16:29:06,362:INFO:master_model_container: 9
2022-02-23 16:29:06,362:INFO:display_container: 2
2022-02-23 16:29:06,362:INFO:PowerTransformedTargetRegressor(C=1.0, average=False, early_stopping=False,
                                epsilon=0.1, fit_intercept=True,
                                loss='epsilon_insensitive', max_iter=1000,
                                n_iter_no_change=5,
                                power_transformer_method='box-cox',
                                power_transformer_standardize=True,
                                random_state=123,
                                regressor=PassiveAggressiveRegressor(C=1.0,
                                                                     average=False,
                                                                     early_stopping=False,
                                                                     epsilon=0.1,
                                                                     fit_intercept=True,
                                                                     loss='epsilon_insensitive',
                                                                     max_iter=1000,
                                                                     n_iter_no_change=5,
                                                                     random_state=123,
                                                                     shuffle=True,
                                                                     tol=0.001,
                                                                     validation_fraction=0.1,
                                                                     verbose=0,
                                                                     warm_start=False),
                                shuffle=True, tol=0.001,
                                validation_fraction=0.1, verbose=0,
                                warm_start=False)
2022-02-23 16:29:06,362:INFO:create_model() succesfully completed......................................
2022-02-23 16:29:06,438:INFO:SubProcess create_model() end ==================================
2022-02-23 16:29:06,438:INFO:Creating metrics dataframe
2022-02-23 16:29:06,454:INFO:Initializing Huber Regressor
2022-02-23 16:29:06,454:INFO:Total runtime is 0.2158913811047872 minutes
2022-02-23 16:29:06,470:INFO:SubProcess create_model() called ==================================
2022-02-23 16:29:06,470:INFO:Initializing create_model()
2022-02-23 16:29:06,470:INFO:create_model(estimator=huber, fold=TimeSeriesSplit(max_train_size=None, n_splits=3), round=4, cross_validation=True, predict=True, fit_kwargs={}, groups=None, refit=False, verbose=False, system=False, metrics=None, add_to_model_list=True, probability_threshold=None, display=<pycaret.internal.Display.Display object at 0x000002A5FE763730>, kwargs={})
2022-02-23 16:29:06,470:INFO:Checking exceptions
2022-02-23 16:29:06,470:INFO:Importing libraries
2022-02-23 16:29:06,470:INFO:Copying training dataset
2022-02-23 16:29:06,470:INFO:Defining folds
2022-02-23 16:29:06,470:INFO:Declaring metric variables
2022-02-23 16:29:06,485:INFO:Importing untrained model
2022-02-23 16:29:06,491:INFO:Huber Regressor Imported succesfully
2022-02-23 16:29:06,523:INFO:Starting cross validation
2022-02-23 16:29:06,523:INFO:Cross validating with TimeSeriesSplit(max_train_size=None, n_splits=3), n_jobs=-1
2022-02-23 16:29:06,571:INFO:Calculating mean and std
2022-02-23 16:29:06,571:INFO:Creating metrics dataframe
2022-02-23 16:29:06,571:INFO:Uploading results into container
2022-02-23 16:29:06,571:INFO:Uploading model into container now
2022-02-23 16:29:06,571:INFO:create_model_container: 10
2022-02-23 16:29:06,571:INFO:master_model_container: 10
2022-02-23 16:29:06,571:INFO:display_container: 2
2022-02-23 16:29:06,571:INFO:PowerTransformedTargetRegressor(alpha=0.0001, epsilon=1.35, fit_intercept=True,
                                max_iter=100,
                                power_transformer_method='box-cox',
                                power_transformer_standardize=True,
                                regressor=HuberRegressor(alpha=0.0001,
                                                         epsilon=1.35,
                                                         fit_intercept=True,
                                                         max_iter=100,
                                                         tol=1e-05,
                                                         warm_start=False),
                                tol=1e-05, warm_start=False)
2022-02-23 16:29:06,571:INFO:create_model() succesfully completed......................................
2022-02-23 16:29:06,641:INFO:SubProcess create_model() end ==================================
2022-02-23 16:29:06,641:INFO:Creating metrics dataframe
2022-02-23 16:29:06,657:INFO:Initializing K Neighbors Regressor
2022-02-23 16:29:06,657:INFO:Total runtime is 0.2192760705947876 minutes
2022-02-23 16:29:06,677:INFO:SubProcess create_model() called ==================================
2022-02-23 16:29:06,677:INFO:Initializing create_model()
2022-02-23 16:29:06,677:INFO:create_model(estimator=knn, fold=TimeSeriesSplit(max_train_size=None, n_splits=3), round=4, cross_validation=True, predict=True, fit_kwargs={}, groups=None, refit=False, verbose=False, system=False, metrics=None, add_to_model_list=True, probability_threshold=None, display=<pycaret.internal.Display.Display object at 0x000002A5FE763730>, kwargs={})
2022-02-23 16:29:06,677:INFO:Checking exceptions
2022-02-23 16:29:06,677:INFO:Importing libraries
2022-02-23 16:29:06,677:INFO:Copying training dataset
2022-02-23 16:29:06,677:INFO:Defining folds
2022-02-23 16:29:06,677:INFO:Declaring metric variables
2022-02-23 16:29:06,685:INFO:Importing untrained model
2022-02-23 16:29:06,709:INFO:K Neighbors Regressor Imported succesfully
2022-02-23 16:29:06,741:INFO:Starting cross validation
2022-02-23 16:29:06,741:INFO:Cross validating with TimeSeriesSplit(max_train_size=None, n_splits=3), n_jobs=-1
2022-02-23 16:29:06,789:INFO:Calculating mean and std
2022-02-23 16:29:06,789:INFO:Creating metrics dataframe
2022-02-23 16:29:06,797:INFO:Uploading results into container
2022-02-23 16:29:06,797:INFO:Uploading model into container now
2022-02-23 16:29:06,797:INFO:create_model_container: 11
2022-02-23 16:29:06,797:INFO:master_model_container: 11
2022-02-23 16:29:06,797:INFO:display_container: 2
2022-02-23 16:29:06,797:INFO:PowerTransformedTargetRegressor(algorithm='auto', leaf_size=30,
                                metric='minkowski', metric_params=None,
                                n_jobs=-1, n_neighbors=5, p=2,
                                power_transformer_method='box-cox',
                                power_transformer_standardize=True,
                                regressor=KNeighborsRegressor(algorithm='auto',
                                                              leaf_size=30,
                                                              metric='minkowski',
                                                              metric_params=None,
                                                              n_jobs=-1,
                                                              n_neighbors=5,
                                                              p=2,
                                                              weights='uniform'),
                                weights='uniform')
2022-02-23 16:29:06,797:INFO:create_model() succesfully completed......................................
2022-02-23 16:29:06,859:INFO:SubProcess create_model() end ==================================
2022-02-23 16:29:06,859:INFO:Creating metrics dataframe
2022-02-23 16:29:06,894:INFO:Initializing Decision Tree Regressor
2022-02-23 16:29:06,894:INFO:Total runtime is 0.22323044935862224 minutes
2022-02-23 16:29:06,907:INFO:SubProcess create_model() called ==================================
2022-02-23 16:29:06,907:INFO:Initializing create_model()
2022-02-23 16:29:06,907:INFO:create_model(estimator=dt, fold=TimeSeriesSplit(max_train_size=None, n_splits=3), round=4, cross_validation=True, predict=True, fit_kwargs={}, groups=None, refit=False, verbose=False, system=False, metrics=None, add_to_model_list=True, probability_threshold=None, display=<pycaret.internal.Display.Display object at 0x000002A5FE763730>, kwargs={})
2022-02-23 16:29:06,907:INFO:Checking exceptions
2022-02-23 16:29:06,907:INFO:Importing libraries
2022-02-23 16:29:06,907:INFO:Copying training dataset
2022-02-23 16:29:06,907:INFO:Defining folds
2022-02-23 16:29:06,907:INFO:Declaring metric variables
2022-02-23 16:29:06,923:INFO:Importing untrained model
2022-02-23 16:29:06,931:INFO:Decision Tree Regressor Imported succesfully
2022-02-23 16:29:06,963:INFO:Starting cross validation
2022-02-23 16:29:06,963:INFO:Cross validating with TimeSeriesSplit(max_train_size=None, n_splits=3), n_jobs=-1
2022-02-23 16:29:06,995:INFO:Calculating mean and std
2022-02-23 16:29:06,995:INFO:Creating metrics dataframe
2022-02-23 16:29:06,995:INFO:Uploading results into container
2022-02-23 16:29:06,995:INFO:Uploading model into container now
2022-02-23 16:29:06,995:INFO:create_model_container: 12
2022-02-23 16:29:07,003:INFO:master_model_container: 12
2022-02-23 16:29:07,003:INFO:display_container: 2
2022-02-23 16:29:07,003:INFO:PowerTransformedTargetRegressor(ccp_alpha=0.0, criterion='mse', max_depth=None,
                                max_features=None, max_leaf_nodes=None,
                                min_impurity_decrease=0.0,
                                min_impurity_split=None, min_samples_leaf=1,
                                min_samples_split=2,
                                min_weight_fraction_leaf=0.0,
                                power_transformer_method='box-cox',
                                power_transformer_standardize=True,
                                presort='deprecated', random_state=123,
                                regressor=DecisionTreeRegressor(ccp_alpha=0.0,
                                                                criterion='mse',
                                                                max_depth=None,
                                                                max_features=None,
                                                                max_leaf_nodes=None,
                                                                min_impurity_decrease=0.0,
                                                                min_impurity_split=None,
                                                                min_samples_leaf=1,
                                                                min_samples_split=2,
                                                                min_weight_fraction_leaf=0.0,
                                                                presort='deprecated',
                                                                random_state=123,
                                                                splitter='best'),
                                splitter='best')
2022-02-23 16:29:07,003:INFO:create_model() succesfully completed......................................
2022-02-23 16:29:07,070:INFO:SubProcess create_model() end ==================================
2022-02-23 16:29:07,070:INFO:Creating metrics dataframe
2022-02-23 16:29:07,086:INFO:Initializing Random Forest Regressor
2022-02-23 16:29:07,086:INFO:Total runtime is 0.22642508347829185 minutes
2022-02-23 16:29:07,104:INFO:SubProcess create_model() called ==================================
2022-02-23 16:29:07,104:INFO:Initializing create_model()
2022-02-23 16:29:07,104:INFO:create_model(estimator=rf, fold=TimeSeriesSplit(max_train_size=None, n_splits=3), round=4, cross_validation=True, predict=True, fit_kwargs={}, groups=None, refit=False, verbose=False, system=False, metrics=None, add_to_model_list=True, probability_threshold=None, display=<pycaret.internal.Display.Display object at 0x000002A5FE763730>, kwargs={})
2022-02-23 16:29:07,104:INFO:Checking exceptions
2022-02-23 16:29:07,104:INFO:Importing libraries
2022-02-23 16:29:07,104:INFO:Copying training dataset
2022-02-23 16:29:07,104:INFO:Defining folds
2022-02-23 16:29:07,104:INFO:Declaring metric variables
2022-02-23 16:29:07,111:INFO:Importing untrained model
2022-02-23 16:29:07,127:INFO:Random Forest Regressor Imported succesfully
2022-02-23 16:29:07,159:INFO:Starting cross validation
2022-02-23 16:29:07,159:INFO:Cross validating with TimeSeriesSplit(max_train_size=None, n_splits=3), n_jobs=-1
2022-02-23 16:29:07,397:INFO:Calculating mean and std
2022-02-23 16:29:07,397:INFO:Creating metrics dataframe
2022-02-23 16:29:07,397:INFO:Uploading results into container
2022-02-23 16:29:07,397:INFO:Uploading model into container now
2022-02-23 16:29:07,397:INFO:create_model_container: 13
2022-02-23 16:29:07,397:INFO:master_model_container: 13
2022-02-23 16:29:07,397:INFO:display_container: 2
2022-02-23 16:29:07,397:INFO:PowerTransformedTargetRegressor(bootstrap=True, ccp_alpha=0.0, criterion='mse',
                                max_depth=None, max_features='auto',
                                max_leaf_nodes=None, max_samples=None,
                                min_impurity_decrease=0.0,
                                min_impurity_split=None, min_samples_leaf=1,
                                min_samples_split=2,
                                min_weight_fraction_leaf=0.0, n_estimators=100,
                                n_jobs=-1, oob_score=False,
                                power_transformer_method='box-cox',
                                power...
                                regressor=RandomForestRegressor(bootstrap=True,
                                                                ccp_alpha=0.0,
                                                                criterion='mse',
                                                                max_depth=None,
                                                                max_features='auto',
                                                                max_leaf_nodes=None,
                                                                max_samples=None,
                                                                min_impurity_decrease=0.0,
                                                                min_impurity_split=None,
                                                                min_samples_leaf=1,
                                                                min_samples_split=2,
                                                                min_weight_fraction_leaf=0.0,
                                                                n_estimators=100,
                                                                n_jobs=-1,
                                                                oob_score=False,
                                                                random_state=123,
                                                                verbose=0,
                                                                warm_start=False),
                                verbose=0, warm_start=False)
2022-02-23 16:29:07,397:INFO:create_model() succesfully completed......................................
2022-02-23 16:29:07,482:INFO:SubProcess create_model() end ==================================
2022-02-23 16:29:07,482:INFO:Creating metrics dataframe
2022-02-23 16:29:07,498:INFO:Initializing Extra Trees Regressor
2022-02-23 16:29:07,498:INFO:Total runtime is 0.2332875967025757 minutes
2022-02-23 16:29:07,518:INFO:SubProcess create_model() called ==================================
2022-02-23 16:29:07,518:INFO:Initializing create_model()
2022-02-23 16:29:07,518:INFO:create_model(estimator=et, fold=TimeSeriesSplit(max_train_size=None, n_splits=3), round=4, cross_validation=True, predict=True, fit_kwargs={}, groups=None, refit=False, verbose=False, system=False, metrics=None, add_to_model_list=True, probability_threshold=None, display=<pycaret.internal.Display.Display object at 0x000002A5FE763730>, kwargs={})
2022-02-23 16:29:07,518:INFO:Checking exceptions
2022-02-23 16:29:07,518:INFO:Importing libraries
2022-02-23 16:29:07,518:INFO:Copying training dataset
2022-02-23 16:29:07,518:INFO:Defining folds
2022-02-23 16:29:07,518:INFO:Declaring metric variables
2022-02-23 16:29:07,526:INFO:Importing untrained model
2022-02-23 16:29:07,542:INFO:Extra Trees Regressor Imported succesfully
2022-02-23 16:29:07,574:INFO:Starting cross validation
2022-02-23 16:29:07,574:INFO:Cross validating with TimeSeriesSplit(max_train_size=None, n_splits=3), n_jobs=-1
2022-02-23 16:29:07,747:INFO:Calculating mean and std
2022-02-23 16:29:07,747:INFO:Creating metrics dataframe
2022-02-23 16:29:07,763:INFO:Uploading results into container
2022-02-23 16:29:07,763:INFO:Uploading model into container now
2022-02-23 16:29:07,763:INFO:create_model_container: 14
2022-02-23 16:29:07,763:INFO:master_model_container: 14
2022-02-23 16:29:07,763:INFO:display_container: 2
2022-02-23 16:29:07,763:INFO:PowerTransformedTargetRegressor(bootstrap=False, ccp_alpha=0.0, criterion='mse',
                                max_depth=None, max_features='auto',
                                max_leaf_nodes=None, max_samples=None,
                                min_impurity_decrease=0.0,
                                min_impurity_split=None, min_samples_leaf=1,
                                min_samples_split=2,
                                min_weight_fraction_leaf=0.0, n_estimators=100,
                                n_jobs=-1, oob_score=False,
                                power_transformer_method='box-cox',
                                powe...
                                regressor=ExtraTreesRegressor(bootstrap=False,
                                                              ccp_alpha=0.0,
                                                              criterion='mse',
                                                              max_depth=None,
                                                              max_features='auto',
                                                              max_leaf_nodes=None,
                                                              max_samples=None,
                                                              min_impurity_decrease=0.0,
                                                              min_impurity_split=None,
                                                              min_samples_leaf=1,
                                                              min_samples_split=2,
                                                              min_weight_fraction_leaf=0.0,
                                                              n_estimators=100,
                                                              n_jobs=-1,
                                                              oob_score=False,
                                                              random_state=123,
                                                              verbose=0,
                                                              warm_start=False),
                                verbose=0, warm_start=False)
2022-02-23 16:29:07,767:INFO:create_model() succesfully completed......................................
2022-02-23 16:29:07,844:INFO:SubProcess create_model() end ==================================
2022-02-23 16:29:07,844:INFO:Creating metrics dataframe
2022-02-23 16:29:07,859:INFO:Initializing AdaBoost Regressor
2022-02-23 16:29:07,859:INFO:Total runtime is 0.23931293090184533 minutes
2022-02-23 16:29:07,876:INFO:SubProcess create_model() called ==================================
2022-02-23 16:29:07,876:INFO:Initializing create_model()
2022-02-23 16:29:07,876:INFO:create_model(estimator=ada, fold=TimeSeriesSplit(max_train_size=None, n_splits=3), round=4, cross_validation=True, predict=True, fit_kwargs={}, groups=None, refit=False, verbose=False, system=False, metrics=None, add_to_model_list=True, probability_threshold=None, display=<pycaret.internal.Display.Display object at 0x000002A5FE763730>, kwargs={})
2022-02-23 16:29:07,876:INFO:Checking exceptions
2022-02-23 16:29:07,876:INFO:Importing libraries
2022-02-23 16:29:07,876:INFO:Copying training dataset
2022-02-23 16:29:07,876:INFO:Defining folds
2022-02-23 16:29:07,876:INFO:Declaring metric variables
2022-02-23 16:29:07,892:INFO:Importing untrained model
2022-02-23 16:29:07,905:INFO:AdaBoost Regressor Imported succesfully
2022-02-23 16:29:07,929:INFO:Starting cross validation
2022-02-23 16:29:07,929:INFO:Cross validating with TimeSeriesSplit(max_train_size=None, n_splits=3), n_jobs=-1
2022-02-23 16:29:08,016:INFO:Calculating mean and std
2022-02-23 16:29:08,016:INFO:Creating metrics dataframe
2022-02-23 16:29:08,029:INFO:Uploading results into container
2022-02-23 16:29:08,029:INFO:Uploading model into container now
2022-02-23 16:29:08,029:INFO:create_model_container: 15
2022-02-23 16:29:08,029:INFO:master_model_container: 15
2022-02-23 16:29:08,029:INFO:display_container: 2
2022-02-23 16:29:08,034:INFO:PowerTransformedTargetRegressor(base_estimator=None, learning_rate=1.0,
                                loss='linear', n_estimators=50,
                                power_transformer_method='box-cox',
                                power_transformer_standardize=True,
                                random_state=123,
                                regressor=AdaBoostRegressor(base_estimator=None,
                                                            learning_rate=1.0,
                                                            loss='linear',
                                                            n_estimators=50,
                                                            random_state=123))
2022-02-23 16:29:08,034:INFO:create_model() succesfully completed......................................
2022-02-23 16:29:08,110:INFO:SubProcess create_model() end ==================================
2022-02-23 16:29:08,110:INFO:Creating metrics dataframe
2022-02-23 16:29:08,125:INFO:Initializing Gradient Boosting Regressor
2022-02-23 16:29:08,125:INFO:Total runtime is 0.24374601046244307 minutes
2022-02-23 16:29:08,143:INFO:SubProcess create_model() called ==================================
2022-02-23 16:29:08,143:INFO:Initializing create_model()
2022-02-23 16:29:08,143:INFO:create_model(estimator=gbr, fold=TimeSeriesSplit(max_train_size=None, n_splits=3), round=4, cross_validation=True, predict=True, fit_kwargs={}, groups=None, refit=False, verbose=False, system=False, metrics=None, add_to_model_list=True, probability_threshold=None, display=<pycaret.internal.Display.Display object at 0x000002A5FE763730>, kwargs={})
2022-02-23 16:29:08,143:INFO:Checking exceptions
2022-02-23 16:29:08,143:INFO:Importing libraries
2022-02-23 16:29:08,143:INFO:Copying training dataset
2022-02-23 16:29:08,143:INFO:Defining folds
2022-02-23 16:29:08,143:INFO:Declaring metric variables
2022-02-23 16:29:08,151:INFO:Importing untrained model
2022-02-23 16:29:08,167:INFO:Gradient Boosting Regressor Imported succesfully
2022-02-23 16:29:08,191:INFO:Starting cross validation
2022-02-23 16:29:08,191:INFO:Cross validating with TimeSeriesSplit(max_train_size=None, n_splits=3), n_jobs=-1
2022-02-23 16:29:08,247:INFO:Calculating mean and std
2022-02-23 16:29:08,263:INFO:Creating metrics dataframe
2022-02-23 16:29:08,263:INFO:Uploading results into container
2022-02-23 16:29:08,263:INFO:Uploading model into container now
2022-02-23 16:29:08,263:INFO:create_model_container: 16
2022-02-23 16:29:08,263:INFO:master_model_container: 16
2022-02-23 16:29:08,263:INFO:display_container: 2
2022-02-23 16:29:08,263:INFO:PowerTransformedTargetRegressor(alpha=0.9, ccp_alpha=0.0,
                                criterion='friedman_mse', init=None,
                                learning_rate=0.1, loss='ls', max_depth=3,
                                max_features=None, max_leaf_nodes=None,
                                min_impurity_decrease=0.0,
                                min_impurity_split=None, min_samples_leaf=1,
                                min_samples_split=2,
                                min_weight_fraction_leaf=0.0, n_estimators=100,
                                n_iter_no_change=None,
                                power_transformer_method...
                                                                    max_leaf_nodes=None,
                                                                    min_impurity_decrease=0.0,
                                                                    min_impurity_split=None,
                                                                    min_samples_leaf=1,
                                                                    min_samples_split=2,
                                                                    min_weight_fraction_leaf=0.0,
                                                                    n_estimators=100,
                                                                    n_iter_no_change=None,
                                                                    presort='deprecated',
                                                                    random_state=123,
                                                                    subsample=1.0,
                                                                    tol=0.0001,
                                                                    validation_fraction=0.1,
                                                                    verbose=0,
                                                                    warm_start=False),
                                subsample=1.0, tol=0.0001,
                                validation_fraction=0.1, verbose=0,
                                warm_start=False)
2022-02-23 16:29:08,263:INFO:create_model() succesfully completed......................................
2022-02-23 16:29:08,325:INFO:SubProcess create_model() end ==================================
2022-02-23 16:29:08,325:INFO:Creating metrics dataframe
2022-02-23 16:29:08,367:INFO:Initializing Light Gradient Boosting Machine
2022-02-23 16:29:08,367:INFO:Total runtime is 0.24777167638142908 minutes
2022-02-23 16:29:08,379:INFO:SubProcess create_model() called ==================================
2022-02-23 16:29:08,379:INFO:Initializing create_model()
2022-02-23 16:29:08,379:INFO:create_model(estimator=lightgbm, fold=TimeSeriesSplit(max_train_size=None, n_splits=3), round=4, cross_validation=True, predict=True, fit_kwargs={}, groups=None, refit=False, verbose=False, system=False, metrics=None, add_to_model_list=True, probability_threshold=None, display=<pycaret.internal.Display.Display object at 0x000002A5FE763730>, kwargs={})
2022-02-23 16:29:08,379:INFO:Checking exceptions
2022-02-23 16:29:08,379:INFO:Importing libraries
2022-02-23 16:29:08,379:INFO:Copying training dataset
2022-02-23 16:29:08,379:INFO:Defining folds
2022-02-23 16:29:08,379:INFO:Declaring metric variables
2022-02-23 16:29:08,387:INFO:Importing untrained model
2022-02-23 16:29:08,403:INFO:Light Gradient Boosting Machine Imported succesfully
2022-02-23 16:29:08,435:INFO:Starting cross validation
2022-02-23 16:29:08,435:INFO:Cross validating with TimeSeriesSplit(max_train_size=None, n_splits=3), n_jobs=-1
2022-02-23 16:29:09,296:INFO:Calculating mean and std
2022-02-23 16:29:09,296:INFO:Creating metrics dataframe
2022-02-23 16:29:09,312:INFO:Uploading results into container
2022-02-23 16:29:09,312:INFO:Uploading model into container now
2022-02-23 16:29:09,312:INFO:create_model_container: 17
2022-02-23 16:29:09,312:INFO:master_model_container: 17
2022-02-23 16:29:09,312:INFO:display_container: 2
2022-02-23 16:29:09,312:INFO:PowerTransformedTargetRegressor(boosting_type='gbdt', class_weight=None,
                                colsample_bytree=1.0, importance_type='split',
                                learning_rate=0.1, max_depth=-1,
                                min_child_samples=20, min_child_weight=0.001,
                                min_split_gain=0.0, n_estimators=100, n_jobs=-1,
                                num_leaves=31, objective=None,
                                power_transformer_method='box-cox',
                                power_transformer_standardize=True,
                                random_state=1...
                                                        importance_type='split',
                                                        learning_rate=0.1,
                                                        max_depth=-1,
                                                        min_child_samples=20,
                                                        min_child_weight=0.001,
                                                        min_split_gain=0.0,
                                                        n_estimators=100,
                                                        n_jobs=-1,
                                                        num_leaves=31,
                                                        objective=None,
                                                        random_state=123,
                                                        reg_alpha=0.0,
                                                        reg_lambda=0.0,
                                                        silent='warn',
                                                        subsample=1.0,
                                                        subsample_for_bin=200000,
                                                        subsample_freq=0),
                                silent='warn', subsample=1.0,
                                subsample_for_bin=200000, subsample_freq=0)
2022-02-23 16:29:09,312:INFO:create_model() succesfully completed......................................
2022-02-23 16:29:09,390:INFO:SubProcess create_model() end ==================================
2022-02-23 16:29:09,390:INFO:Creating metrics dataframe
2022-02-23 16:29:09,405:INFO:Initializing Dummy Regressor
2022-02-23 16:29:09,405:INFO:Total runtime is 0.26508485476175947 minutes
2022-02-23 16:29:09,425:INFO:SubProcess create_model() called ==================================
2022-02-23 16:29:09,425:INFO:Initializing create_model()
2022-02-23 16:29:09,425:INFO:create_model(estimator=dummy, fold=TimeSeriesSplit(max_train_size=None, n_splits=3), round=4, cross_validation=True, predict=True, fit_kwargs={}, groups=None, refit=False, verbose=False, system=False, metrics=None, add_to_model_list=True, probability_threshold=None, display=<pycaret.internal.Display.Display object at 0x000002A5FE763730>, kwargs={})
2022-02-23 16:29:09,425:INFO:Checking exceptions
2022-02-23 16:29:09,425:INFO:Importing libraries
2022-02-23 16:29:09,425:INFO:Copying training dataset
2022-02-23 16:29:09,425:INFO:Defining folds
2022-02-23 16:29:09,425:INFO:Declaring metric variables
2022-02-23 16:29:09,441:INFO:Importing untrained model
2022-02-23 16:29:09,449:INFO:Dummy Regressor Imported succesfully
2022-02-23 16:29:09,481:INFO:Starting cross validation
2022-02-23 16:29:09,481:INFO:Cross validating with TimeSeriesSplit(max_train_size=None, n_splits=3), n_jobs=-1
2022-02-23 16:29:09,513:INFO:Calculating mean and std
2022-02-23 16:29:09,513:INFO:Creating metrics dataframe
2022-02-23 16:29:09,513:INFO:Uploading results into container
2022-02-23 16:29:09,513:INFO:Uploading model into container now
2022-02-23 16:29:09,513:INFO:create_model_container: 18
2022-02-23 16:29:09,513:INFO:master_model_container: 18
2022-02-23 16:29:09,513:INFO:display_container: 2
2022-02-23 16:29:09,521:INFO:PowerTransformedTargetRegressor(constant=None,
                                power_transformer_method='box-cox',
                                power_transformer_standardize=True,
                                quantile=None,
                                regressor=DummyRegressor(constant=None,
                                                         quantile=None,
                                                         strategy='mean'),
                                strategy='mean')
2022-02-23 16:29:09,521:INFO:create_model() succesfully completed......................................
2022-02-23 16:29:09,591:INFO:SubProcess create_model() end ==================================
2022-02-23 16:29:09,591:INFO:Creating metrics dataframe
2022-02-23 16:29:09,634:INFO:Initializing create_model()
2022-02-23 16:29:09,634:INFO:create_model(estimator=PowerTransformedTargetRegressor(alpha=0.0001, epsilon=1.35, fit_intercept=True,
                                max_iter=100,
                                power_transformer_method='box-cox',
                                power_transformer_standardize=True,
                                regressor=HuberRegressor(alpha=0.0001,
                                                         epsilon=1.35,
                                                         fit_intercept=True,
                                                         max_iter=100,
                                                         tol=1e-05,
                                                         warm_start=False),
                                tol=1e-05, warm_start=False), fold=TimeSeriesSplit(max_train_size=None, n_splits=3), round=4, cross_validation=False, predict=False, fit_kwargs={}, groups=None, refit=True, verbose=False, system=False, metrics=None, add_to_model_list=True, probability_threshold=None, display=None, kwargs={})
2022-02-23 16:29:09,634:INFO:Checking exceptions
2022-02-23 16:29:09,634:INFO:Importing libraries
2022-02-23 16:29:09,634:INFO:Copying training dataset
2022-02-23 16:29:09,634:INFO:Defining folds
2022-02-23 16:29:09,634:INFO:Declaring metric variables
2022-02-23 16:29:09,634:INFO:Importing untrained model
2022-02-23 16:29:09,634:INFO:Declaring custom model
2022-02-23 16:29:09,634:INFO:Huber Regressor Imported succesfully
2022-02-23 16:29:09,634:INFO:Cross validation set to False
2022-02-23 16:29:09,634:INFO:Fitting Model
2022-02-23 16:29:09,676:INFO:PowerTransformedTargetRegressor(alpha=0.0001, epsilon=1.35, fit_intercept=True,
                                max_iter=100,
                                power_transformer_method='box-cox',
                                power_transformer_standardize=True,
                                regressor=HuberRegressor(alpha=0.0001,
                                                         epsilon=1.35,
                                                         fit_intercept=True,
                                                         max_iter=100,
                                                         tol=1e-05,
                                                         warm_start=False),
                                tol=1e-05, warm_start=False)
2022-02-23 16:29:09,676:INFO:create_models() succesfully completed......................................
2022-02-23 16:29:09,813:INFO:create_model_container: 18
2022-02-23 16:29:09,813:INFO:master_model_container: 18
2022-02-23 16:29:09,813:INFO:display_container: 2
2022-02-23 16:29:09,813:INFO:PowerTransformedTargetRegressor(alpha=0.0001, epsilon=1.35, fit_intercept=True,
                                max_iter=100,
                                power_transformer_method='box-cox',
                                power_transformer_standardize=True,
                                regressor=HuberRegressor(alpha=0.0001,
                                                         epsilon=1.35,
                                                         fit_intercept=True,
                                                         max_iter=100,
                                                         tol=1e-05,
                                                         warm_start=False),
                                tol=1e-05, warm_start=False)
2022-02-23 16:29:09,813:INFO:compare_models() succesfully completed......................................
2022-02-23 16:29:09,821:INFO:Initializing predict_model()
2022-02-23 16:29:09,821:INFO:predict_model(estimator=PowerTransformedTargetRegressor(alpha=0.0001, epsilon=1.35, fit_intercept=True,
                                max_iter=100,
                                power_transformer_method='box-cox',
                                power_transformer_standardize=True,
                                regressor=HuberRegressor(alpha=0.0001,
                                                         epsilon=1.35,
                                                         fit_intercept=True,
                                                         max_iter=100,
                                                         tol=1e-05,
                                                         warm_start=False),
                                tol=1e-05, warm_start=False), probability_threshold=None, encoded_labels=True, drift_report=False, raw_score=False, round=4, verbose=True, ml_usecase=MLUsecase.REGRESSION, display=None)
2022-02-23 16:29:09,821:INFO:Checking exceptions
2022-02-23 16:29:09,821:INFO:Preloading libraries
2022-02-23 16:29:09,821:INFO:Preparing display monitor
2022-02-23 16:29:09,965:INFO:Initializing predict_model()
2022-02-23 16:29:09,965:INFO:predict_model(estimator=PowerTransformedTargetRegressor(alpha=0.0001, epsilon=1.35, fit_intercept=True,
                                max_iter=100,
                                power_transformer_method='box-cox',
                                power_transformer_standardize=True,
                                regressor=HuberRegressor(alpha=0.0001,
                                                         epsilon=1.35,
                                                         fit_intercept=True,
                                                         max_iter=100,
                                                         tol=1e-05,
                                                         warm_start=False),
                                tol=1e-05, warm_start=False), probability_threshold=None, encoded_labels=True, drift_report=False, raw_score=False, round=4, verbose=True, ml_usecase=MLUsecase.REGRESSION, display=None)
2022-02-23 16:29:09,965:INFO:Checking exceptions
2022-02-23 16:29:09,965:INFO:Preloading libraries
2022-02-23 16:29:09,965:INFO:Preparing display monitor
