2022-02-20 22:04:59,122:INFO:PyCaret Supervised Module
2022-02-20 22:04:59,123:INFO:ML Usecase: regression
2022-02-20 22:04:59,123:INFO:version 2.3.6
2022-02-20 22:04:59,123:INFO:Initializing setup()
2022-02-20 22:04:59,123:INFO:setup(target=Sales, ml_usecase=regression, available_plots={'parameter': 'Hyperparameters', 'residuals': 'Residuals', 'error': 'Prediction Error', 'cooks': 'Cooks Distance', 'rfe': 'Feature Selection', 'learning': 'Learning Curve', 'manifold': 'Manifold Learning', 'vc': 'Validation Curve', 'feature': 'Feature Importance', 'feature_all': 'Feature Importance (All)', 'tree': 'Decision Tree', 'residuals_interactive': 'Interactive Residuals'}, train_size=0.7, test_data=     t years quarters   Sales
35  36    94       Q4  4017.0
36  37    95       Q1  3854.0
37  38    95       Q2  4936.0
38  39    95       Q3  4895.0
39  40    95       Q4  4333.0
40  41    96       Q1  4194.0
41  42    96       Q2  5253.0, preprocess=True, imputation_type=simple, iterative_imputation_iters=5, categorical_features=None, categorical_imputation=constant, categorical_iterative_imputer=lightgbm, ordinal_features=None, high_cardinality_features=None, high_cardinality_method=frequency, numeric_features=['years', 't'], numeric_imputation=mean, numeric_iterative_imputer=lightgbm, date_features=None, ignore_features=None, normalize=False, normalize_method=zscore, transformation=False, transformation_method=yeo-johnson, handle_unknown_categorical=True, unknown_categorical_method=least_frequent, pca=False, pca_method=linear, pca_components=None, ignore_low_variance=False, combine_rare_levels=False, rare_level_threshold=0.1, bin_numeric_features=None, remove_outliers=False, outliers_threshold=0.05, remove_multicollinearity=False, multicollinearity_threshold=0.9, remove_perfect_collinearity=True, create_clusters=False, cluster_iter=20, polynomial_features=False, polynomial_degree=2, trigonometry_features=False, polynomial_threshold=0.1, group_features=None, group_names=None, feature_selection=False, feature_selection_threshold=0.8, feature_selection_method=classic, feature_interaction=False, feature_ratio=False, interaction_threshold=0.01, fix_imbalance=False, fix_imbalance_method=None, transform_target=True, transform_target_method=box-cox, data_split_shuffle=True, data_split_stratify=False, fold_strategy=timeseries, fold=3, fold_shuffle=False, fold_groups=None, n_jobs=-1, use_gpu=False, custom_pipeline=None, html=True, session_id=123, log_experiment=False, experiment_name=None, log_plots=False, log_profile=False, log_data=False, silent=False, verbose=True, profile=False, profile_kwargs=None, display=None)
2022-02-20 22:04:59,124:INFO:Checking environment
2022-02-20 22:04:59,124:INFO:python_version: 3.8.8
2022-02-20 22:04:59,124:INFO:python_build: ('default', 'Apr 13 2021 15:08:03')
2022-02-20 22:04:59,124:INFO:machine: AMD64
2022-02-20 22:04:59,124:INFO:platform: Windows-10-10.0.22000-SP0
2022-02-20 22:04:59,124:INFO:Memory: svmem(total=8451309568, available=1915723776, percent=77.3, used=6535585792, free=1915723776)
2022-02-20 22:04:59,124:INFO:Physical Core: 4
2022-02-20 22:04:59,124:INFO:Logical Core: 8
2022-02-20 22:04:59,124:INFO:Checking libraries
2022-02-20 22:04:59,124:INFO:pd==1.2.4
2022-02-20 22:04:59,124:INFO:numpy==1.19.5
2022-02-20 22:04:59,124:INFO:sklearn==0.23.2
2022-02-20 22:04:59,124:INFO:lightgbm==3.3.2
2022-02-20 22:04:59,126:WARNING:catboost not found
2022-02-20 22:04:59,126:WARNING:xgboost not found
2022-02-20 22:04:59,529:INFO:mlflow==1.23.1
2022-02-20 22:04:59,529:INFO:Checking Exceptions
2022-02-20 22:04:59,545:INFO:Declaring global variables
2022-02-20 22:04:59,545:INFO:USI: a787
2022-02-20 22:04:59,545:INFO:pycaret_globals: {'fold_groups_param_full', 'master_model_container', 'y_train', 'fold_param', 'y', 'X_test', '_all_models', 'fix_imbalance_param', 'USI', '_ml_usecase', 'imputation_classifier', 'fold_shuffle_param', 'logging_param', 'n_jobs_param', 'fix_imbalance_method_param', '_all_models_internal', 'pycaret_globals', 'exp_name_log', 'gpu_param', 'create_model_container', 'data_before_preprocess', 'log_plots_param', 'experiment__', 'X_train', 'prep_pipe', 'stratify_param', 'transform_target_method_param', 'fold_generator', 'display_container', 'X', 'html_param', 'fold_groups_param', 'imputation_regressor', 'target_param', '_all_metrics', '_internal_pipeline', 'iterative_imputation_iters_param', 'seed', '_available_plots', 'y_test', '_gpu_n_jobs_param', 'transform_target_param'}
2022-02-20 22:04:59,545:INFO:Preparing display monitor
2022-02-20 22:04:59,545:INFO:Preparing display monitor
2022-02-20 22:04:59,545:INFO:Importing libraries
2022-02-20 22:04:59,545:INFO:Copying data for preprocessing
2022-02-20 22:04:59,560:INFO:Declaring preprocessing parameters
2022-02-20 22:04:59,560:INFO:Creating preprocessing pipeline
2022-02-20 22:04:59,560:INFO:Preprocessing pipeline created successfully
2022-02-20 22:04:59,560:ERROR:(Process Exit): setup has been interupted with user command 'quit'. setup must rerun.
2022-02-20 22:04:59,560:INFO:Creating global containers
2022-02-20 22:04:59,560:INFO:Internal pipeline: Pipeline(memory=None, steps=[('empty_step', 'passthrough')], verbose=False)
2022-02-20 22:05:00,019:WARNING:Couldn't import xgboost.XGBRegressor
2022-02-20 22:05:00,019:WARNING:Couldn't import catboost.CatBoostRegressor
2022-02-20 22:05:00,128:WARNING:Couldn't import xgboost.XGBRegressor
2022-02-20 22:05:00,128:WARNING:Couldn't import catboost.CatBoostRegressor
2022-02-20 22:05:00,128:INFO:Creating grid variables
2022-02-20 22:05:00,146:INFO:create_model_container: 0
2022-02-20 22:05:00,147:INFO:master_model_container: 0
2022-02-20 22:05:00,147:INFO:display_container: 1
2022-02-20 22:05:00,151:INFO:Pipeline(memory=None,
         steps=[('dtypes',
                 DataTypes_Auto_infer(categorical_features=[],
                                      display_types=True, features_todrop=[],
                                      id_columns=[], ml_usecase='regression',
                                      numerical_features=['years', 't'],
                                      target='Sales', time_features=[])),
                ('imputer',
                 Simple_Imputer(categorical_strategy='not_available',
                                fill_value_categorical=None,
                                fill_value_numerical=None,
                                numeric...
                ('scaling', 'passthrough'), ('P_transform', 'passthrough'),
                ('binn', 'passthrough'), ('rem_outliers', 'passthrough'),
                ('cluster_all', 'passthrough'),
                ('dummy', Dummify(target='Sales')),
                ('fix_perfect', Remove_100(target='Sales')),
                ('clean_names', Clean_Colum_Names()),
                ('feature_select', 'passthrough'), ('fix_multi', 'passthrough'),
                ('dfs', 'passthrough'), ('pca', 'passthrough')],
         verbose=False)
2022-02-20 22:05:00,151:INFO:setup() succesfully completed......................................
2022-02-20 22:05:00,260:INFO:Initializing compare_models()
2022-02-20 22:05:00,260:INFO:compare_models(include=None, fold=None, round=4, cross_validation=True, sort=RMSE, n_select=1, budget_time=None, turbo=True, errors=ignore, fit_kwargs=None, groups=None, probability_threshold=None, verbose=True, display=None, exclude=None)
2022-02-20 22:05:00,260:INFO:Checking exceptions
2022-02-20 22:05:00,261:INFO:Preparing display monitor
2022-02-20 22:05:00,261:INFO:Preparing display monitor
2022-02-20 22:05:00,287:INFO:Initializing Linear Regression
2022-02-20 22:05:00,287:INFO:Total runtime is 0.0 minutes
2022-02-20 22:05:00,297:INFO:SubProcess create_model() called ==================================
2022-02-20 22:05:00,297:INFO:Initializing create_model()
2022-02-20 22:05:00,297:INFO:create_model(estimator=lr, fold=TimeSeriesSplit(max_train_size=None, n_splits=3), round=4, cross_validation=True, predict=True, fit_kwargs={}, groups=None, refit=False, verbose=False, system=False, metrics=None, add_to_model_list=True, probability_threshold=None, display=<pycaret.internal.Display.Display object at 0x0000014D874594F0>, kwargs={})
2022-02-20 22:05:00,297:INFO:Checking exceptions
2022-02-20 22:05:00,297:INFO:Importing libraries
2022-02-20 22:05:00,297:INFO:Copying training dataset
2022-02-20 22:05:00,298:INFO:Defining folds
2022-02-20 22:05:00,299:INFO:Declaring metric variables
2022-02-20 22:05:00,309:INFO:Importing untrained model
2022-02-20 22:05:00,319:INFO:Linear Regression Imported succesfully
2022-02-20 22:05:00,337:INFO:Starting cross validation
2022-02-20 22:05:00,342:INFO:Cross validating with TimeSeriesSplit(max_train_size=None, n_splits=3), n_jobs=-1
2022-02-20 22:05:03,004:INFO:Calculating mean and std
2022-02-20 22:05:03,005:INFO:Creating metrics dataframe
2022-02-20 22:05:03,014:INFO:Uploading results into container
2022-02-20 22:05:03,014:INFO:Uploading model into container now
2022-02-20 22:05:03,014:INFO:create_model_container: 1
2022-02-20 22:05:03,015:INFO:master_model_container: 1
2022-02-20 22:05:03,015:INFO:display_container: 2
2022-02-20 22:05:03,016:INFO:PowerTransformedTargetRegressor(copy_X=True, fit_intercept=True, n_jobs=-1,
                                normalize=False,
                                power_transformer_method='box-cox',
                                power_transformer_standardize=True,
                                regressor=LinearRegression(copy_X=True,
                                                           fit_intercept=True,
                                                           n_jobs=-1,
                                                           normalize=False))
2022-02-20 22:05:03,016:INFO:create_model() succesfully completed......................................
2022-02-20 22:05:03,124:INFO:SubProcess create_model() end ==================================
2022-02-20 22:05:03,124:INFO:Creating metrics dataframe
2022-02-20 22:05:03,124:INFO:Initializing Lasso Regression
2022-02-20 22:05:03,124:INFO:Total runtime is 0.04729029337565104 minutes
2022-02-20 22:05:03,144:INFO:SubProcess create_model() called ==================================
2022-02-20 22:05:03,144:INFO:Initializing create_model()
2022-02-20 22:05:03,144:INFO:create_model(estimator=lasso, fold=TimeSeriesSplit(max_train_size=None, n_splits=3), round=4, cross_validation=True, predict=True, fit_kwargs={}, groups=None, refit=False, verbose=False, system=False, metrics=None, add_to_model_list=True, probability_threshold=None, display=<pycaret.internal.Display.Display object at 0x0000014D874594F0>, kwargs={})
2022-02-20 22:05:03,144:INFO:Checking exceptions
2022-02-20 22:05:03,144:INFO:Importing libraries
2022-02-20 22:05:03,145:INFO:Copying training dataset
2022-02-20 22:05:03,145:INFO:Defining folds
2022-02-20 22:05:03,145:INFO:Declaring metric variables
2022-02-20 22:05:03,151:INFO:Importing untrained model
2022-02-20 22:05:03,159:INFO:Lasso Regression Imported succesfully
2022-02-20 22:05:03,177:INFO:Starting cross validation
2022-02-20 22:05:03,178:INFO:Cross validating with TimeSeriesSplit(max_train_size=None, n_splits=3), n_jobs=-1
2022-02-20 22:05:05,107:INFO:Calculating mean and std
2022-02-20 22:05:05,107:INFO:Creating metrics dataframe
2022-02-20 22:05:05,107:INFO:Uploading results into container
2022-02-20 22:05:05,107:INFO:Uploading model into container now
2022-02-20 22:05:05,107:INFO:create_model_container: 2
2022-02-20 22:05:05,107:INFO:master_model_container: 2
2022-02-20 22:05:05,107:INFO:display_container: 2
2022-02-20 22:05:05,107:INFO:PowerTransformedTargetRegressor(alpha=1.0, copy_X=True, fit_intercept=True,
                                max_iter=1000, normalize=False, positive=False,
                                power_transformer_method='box-cox',
                                power_transformer_standardize=True,
                                precompute=False, random_state=123,
                                regressor=Lasso(alpha=1.0, copy_X=True,
                                                fit_intercept=True,
                                                max_iter=1000, normalize=False,
                                                positive=False,
                                                precompute=False,
                                                random_state=123,
                                                selection='cyclic', tol=0.0001,
                                                warm_start=False),
                                selection='cyclic', tol=0.0001,
                                warm_start=False)
2022-02-20 22:05:05,107:INFO:create_model() succesfully completed......................................
2022-02-20 22:05:05,213:INFO:SubProcess create_model() end ==================================
2022-02-20 22:05:05,213:INFO:Creating metrics dataframe
2022-02-20 22:05:05,228:INFO:Initializing Ridge Regression
2022-02-20 22:05:05,228:INFO:Total runtime is 0.08235997756322225 minutes
2022-02-20 22:05:05,244:INFO:SubProcess create_model() called ==================================
2022-02-20 22:05:05,245:INFO:Initializing create_model()
2022-02-20 22:05:05,245:INFO:create_model(estimator=ridge, fold=TimeSeriesSplit(max_train_size=None, n_splits=3), round=4, cross_validation=True, predict=True, fit_kwargs={}, groups=None, refit=False, verbose=False, system=False, metrics=None, add_to_model_list=True, probability_threshold=None, display=<pycaret.internal.Display.Display object at 0x0000014D874594F0>, kwargs={})
2022-02-20 22:05:05,245:INFO:Checking exceptions
2022-02-20 22:05:05,245:INFO:Importing libraries
2022-02-20 22:05:05,245:INFO:Copying training dataset
2022-02-20 22:05:05,246:INFO:Defining folds
2022-02-20 22:05:05,246:INFO:Declaring metric variables
2022-02-20 22:05:05,252:INFO:Importing untrained model
2022-02-20 22:05:05,261:INFO:Ridge Regression Imported succesfully
2022-02-20 22:05:05,277:INFO:Starting cross validation
2022-02-20 22:05:05,278:INFO:Cross validating with TimeSeriesSplit(max_train_size=None, n_splits=3), n_jobs=-1
2022-02-20 22:05:06,939:INFO:Calculating mean and std
2022-02-20 22:05:06,939:INFO:Creating metrics dataframe
2022-02-20 22:05:06,956:INFO:Uploading results into container
2022-02-20 22:05:06,956:INFO:Uploading model into container now
2022-02-20 22:05:06,957:INFO:create_model_container: 3
2022-02-20 22:05:06,957:INFO:master_model_container: 3
2022-02-20 22:05:06,957:INFO:display_container: 2
2022-02-20 22:05:06,958:INFO:PowerTransformedTargetRegressor(alpha=1.0, copy_X=True, fit_intercept=True,
                                max_iter=None, normalize=False,
                                power_transformer_method='box-cox',
                                power_transformer_standardize=True,
                                random_state=123,
                                regressor=Ridge(alpha=1.0, copy_X=True,
                                                fit_intercept=True,
                                                max_iter=None, normalize=False,
                                                random_state=123, solver='auto',
                                                tol=0.001),
                                solver='auto', tol=0.001)
2022-02-20 22:05:06,958:INFO:create_model() succesfully completed......................................
2022-02-20 22:05:07,051:INFO:SubProcess create_model() end ==================================
2022-02-20 22:05:07,051:INFO:Creating metrics dataframe
2022-02-20 22:05:07,066:INFO:Initializing Elastic Net
2022-02-20 22:05:07,066:INFO:Total runtime is 0.11299411853154501 minutes
2022-02-20 22:05:07,083:INFO:SubProcess create_model() called ==================================
2022-02-20 22:05:07,083:INFO:Initializing create_model()
2022-02-20 22:05:07,083:INFO:create_model(estimator=en, fold=TimeSeriesSplit(max_train_size=None, n_splits=3), round=4, cross_validation=True, predict=True, fit_kwargs={}, groups=None, refit=False, verbose=False, system=False, metrics=None, add_to_model_list=True, probability_threshold=None, display=<pycaret.internal.Display.Display object at 0x0000014D874594F0>, kwargs={})
2022-02-20 22:05:07,083:INFO:Checking exceptions
2022-02-20 22:05:07,083:INFO:Importing libraries
2022-02-20 22:05:07,083:INFO:Copying training dataset
2022-02-20 22:05:07,084:INFO:Defining folds
2022-02-20 22:05:07,084:INFO:Declaring metric variables
2022-02-20 22:05:07,090:INFO:Importing untrained model
2022-02-20 22:05:07,101:INFO:Elastic Net Imported succesfully
2022-02-20 22:05:07,119:INFO:Starting cross validation
2022-02-20 22:05:07,120:INFO:Cross validating with TimeSeriesSplit(max_train_size=None, n_splits=3), n_jobs=-1
2022-02-20 22:05:07,145:INFO:Calculating mean and std
2022-02-20 22:05:07,146:INFO:Creating metrics dataframe
2022-02-20 22:05:07,149:INFO:Uploading results into container
2022-02-20 22:05:07,150:INFO:Uploading model into container now
2022-02-20 22:05:07,150:INFO:create_model_container: 4
2022-02-20 22:05:07,150:INFO:master_model_container: 4
2022-02-20 22:05:07,150:INFO:display_container: 2
2022-02-20 22:05:07,151:INFO:PowerTransformedTargetRegressor(alpha=1.0, copy_X=True, fit_intercept=True,
                                l1_ratio=0.5, max_iter=1000, normalize=False,
                                positive=False,
                                power_transformer_method='box-cox',
                                power_transformer_standardize=True,
                                precompute=False, random_state=123,
                                regressor=ElasticNet(alpha=1.0, copy_X=True,
                                                     fit_intercept=True,
                                                     l1_ratio=0.5,
                                                     max_iter=1000,
                                                     normalize=False,
                                                     positive=False,
                                                     precompute=False,
                                                     random_state=123,
                                                     selection='cyclic',
                                                     tol=0.0001,
                                                     warm_start=False),
                                selection='cyclic', tol=0.0001,
                                warm_start=False)
2022-02-20 22:05:07,151:INFO:create_model() succesfully completed......................................
2022-02-20 22:05:07,225:INFO:SubProcess create_model() end ==================================
2022-02-20 22:05:07,225:INFO:Creating metrics dataframe
2022-02-20 22:05:07,225:INFO:Initializing Least Angle Regression
2022-02-20 22:05:07,225:INFO:Total runtime is 0.11564457416534424 minutes
2022-02-20 22:05:07,246:INFO:SubProcess create_model() called ==================================
2022-02-20 22:05:07,247:INFO:Initializing create_model()
2022-02-20 22:05:07,247:INFO:create_model(estimator=lar, fold=TimeSeriesSplit(max_train_size=None, n_splits=3), round=4, cross_validation=True, predict=True, fit_kwargs={}, groups=None, refit=False, verbose=False, system=False, metrics=None, add_to_model_list=True, probability_threshold=None, display=<pycaret.internal.Display.Display object at 0x0000014D874594F0>, kwargs={})
2022-02-20 22:05:07,247:INFO:Checking exceptions
2022-02-20 22:05:07,247:INFO:Importing libraries
2022-02-20 22:05:07,247:INFO:Copying training dataset
2022-02-20 22:05:07,248:INFO:Defining folds
2022-02-20 22:05:07,248:INFO:Declaring metric variables
2022-02-20 22:05:07,254:INFO:Importing untrained model
2022-02-20 22:05:07,264:INFO:Least Angle Regression Imported succesfully
2022-02-20 22:05:07,279:INFO:Starting cross validation
2022-02-20 22:05:07,280:INFO:Cross validating with TimeSeriesSplit(max_train_size=None, n_splits=3), n_jobs=-1
2022-02-20 22:05:07,305:INFO:Calculating mean and std
2022-02-20 22:05:07,306:INFO:Creating metrics dataframe
2022-02-20 22:05:07,309:INFO:Uploading results into container
2022-02-20 22:05:07,309:INFO:Uploading model into container now
2022-02-20 22:05:07,309:INFO:create_model_container: 5
2022-02-20 22:05:07,309:INFO:master_model_container: 5
2022-02-20 22:05:07,309:INFO:display_container: 2
2022-02-20 22:05:07,310:INFO:PowerTransformedTargetRegressor(copy_X=True, eps=2.220446049250313e-16,
                                fit_intercept=True, fit_path=True, jitter=None,
                                n_nonzero_coefs=500, normalize=True,
                                power_transformer_method='box-cox',
                                power_transformer_standardize=True,
                                precompute='auto', random_state=123,
                                regressor=Lars(copy_X=True,
                                               eps=2.220446049250313e-16,
                                               fit_intercept=True,
                                               fit_path=True, jitter=None,
                                               n_nonzero_coefs=500,
                                               normalize=True,
                                               precompute='auto',
                                               random_state=123,
                                               verbose=False),
                                verbose=False)
2022-02-20 22:05:07,310:INFO:create_model() succesfully completed......................................
2022-02-20 22:05:07,377:INFO:SubProcess create_model() end ==================================
2022-02-20 22:05:07,377:INFO:Creating metrics dataframe
2022-02-20 22:05:07,393:INFO:Initializing Lasso Least Angle Regression
2022-02-20 22:05:07,393:INFO:Total runtime is 0.11844062407811483 minutes
2022-02-20 22:05:07,403:INFO:SubProcess create_model() called ==================================
2022-02-20 22:05:07,404:INFO:Initializing create_model()
2022-02-20 22:05:07,404:INFO:create_model(estimator=llar, fold=TimeSeriesSplit(max_train_size=None, n_splits=3), round=4, cross_validation=True, predict=True, fit_kwargs={}, groups=None, refit=False, verbose=False, system=False, metrics=None, add_to_model_list=True, probability_threshold=None, display=<pycaret.internal.Display.Display object at 0x0000014D874594F0>, kwargs={})
2022-02-20 22:05:07,404:INFO:Checking exceptions
2022-02-20 22:05:07,404:INFO:Importing libraries
2022-02-20 22:05:07,404:INFO:Copying training dataset
2022-02-20 22:05:07,405:INFO:Defining folds
2022-02-20 22:05:07,405:INFO:Declaring metric variables
2022-02-20 22:05:07,411:INFO:Importing untrained model
2022-02-20 22:05:07,420:INFO:Lasso Least Angle Regression Imported succesfully
2022-02-20 22:05:07,439:INFO:Starting cross validation
2022-02-20 22:05:07,439:INFO:Cross validating with TimeSeriesSplit(max_train_size=None, n_splits=3), n_jobs=-1
2022-02-20 22:05:07,463:INFO:Calculating mean and std
2022-02-20 22:05:07,464:INFO:Creating metrics dataframe
2022-02-20 22:05:07,468:INFO:Uploading results into container
2022-02-20 22:05:07,468:INFO:Uploading model into container now
2022-02-20 22:05:07,468:INFO:create_model_container: 6
2022-02-20 22:05:07,468:INFO:master_model_container: 6
2022-02-20 22:05:07,468:INFO:display_container: 2
2022-02-20 22:05:07,469:INFO:PowerTransformedTargetRegressor(alpha=1.0, copy_X=True,
                                eps=2.220446049250313e-16, fit_intercept=True,
                                fit_path=True, jitter=None, max_iter=500,
                                normalize=True, positive=False,
                                power_transformer_method='box-cox',
                                power_transformer_standardize=True,
                                precompute='auto', random_state=123,
                                regressor=LassoLars(alpha=1.0, copy_X=True,
                                                    eps=2.220446049250313e-16,
                                                    fit_intercept=True,
                                                    fit_path=True, jitter=None,
                                                    max_iter=500,
                                                    normalize=True,
                                                    positive=False,
                                                    precompute='auto',
                                                    random_state=123,
                                                    verbose=False),
                                verbose=False)
2022-02-20 22:05:07,469:INFO:create_model() succesfully completed......................................
2022-02-20 22:05:07,527:INFO:SubProcess create_model() end ==================================
2022-02-20 22:05:07,527:INFO:Creating metrics dataframe
2022-02-20 22:05:07,543:INFO:Initializing Orthogonal Matching Pursuit
2022-02-20 22:05:07,543:INFO:Total runtime is 0.12093538840611776 minutes
2022-02-20 22:05:07,559:INFO:SubProcess create_model() called ==================================
2022-02-20 22:05:07,559:INFO:Initializing create_model()
2022-02-20 22:05:07,559:INFO:create_model(estimator=omp, fold=TimeSeriesSplit(max_train_size=None, n_splits=3), round=4, cross_validation=True, predict=True, fit_kwargs={}, groups=None, refit=False, verbose=False, system=False, metrics=None, add_to_model_list=True, probability_threshold=None, display=<pycaret.internal.Display.Display object at 0x0000014D874594F0>, kwargs={})
2022-02-20 22:05:07,559:INFO:Checking exceptions
2022-02-20 22:05:07,559:INFO:Importing libraries
2022-02-20 22:05:07,559:INFO:Copying training dataset
2022-02-20 22:05:07,560:INFO:Defining folds
2022-02-20 22:05:07,560:INFO:Declaring metric variables
2022-02-20 22:05:07,566:INFO:Importing untrained model
2022-02-20 22:05:07,574:INFO:Orthogonal Matching Pursuit Imported succesfully
2022-02-20 22:05:07,591:INFO:Starting cross validation
2022-02-20 22:05:07,591:INFO:Cross validating with TimeSeriesSplit(max_train_size=None, n_splits=3), n_jobs=-1
2022-02-20 22:05:07,615:INFO:Calculating mean and std
2022-02-20 22:05:07,616:INFO:Creating metrics dataframe
2022-02-20 22:05:07,618:INFO:Uploading results into container
2022-02-20 22:05:07,619:INFO:Uploading model into container now
2022-02-20 22:05:07,619:INFO:create_model_container: 7
2022-02-20 22:05:07,619:INFO:master_model_container: 7
2022-02-20 22:05:07,619:INFO:display_container: 2
2022-02-20 22:05:07,620:INFO:PowerTransformedTargetRegressor(fit_intercept=True, n_nonzero_coefs=None,
                                normalize=True,
                                power_transformer_method='box-cox',
                                power_transformer_standardize=True,
                                precompute='auto',
                                regressor=OrthogonalMatchingPursuit(fit_intercept=True,
                                                                    n_nonzero_coefs=None,
                                                                    normalize=True,
                                                                    precompute='auto',
                                                                    tol=None),
                                tol=None)
2022-02-20 22:05:07,620:INFO:create_model() succesfully completed......................................
2022-02-20 22:05:07,684:INFO:SubProcess create_model() end ==================================
2022-02-20 22:05:07,684:INFO:Creating metrics dataframe
2022-02-20 22:05:07,699:INFO:Initializing Bayesian Ridge
2022-02-20 22:05:07,699:INFO:Total runtime is 0.12354484796524047 minutes
2022-02-20 22:05:07,717:INFO:SubProcess create_model() called ==================================
2022-02-20 22:05:07,717:INFO:Initializing create_model()
2022-02-20 22:05:07,717:INFO:create_model(estimator=br, fold=TimeSeriesSplit(max_train_size=None, n_splits=3), round=4, cross_validation=True, predict=True, fit_kwargs={}, groups=None, refit=False, verbose=False, system=False, metrics=None, add_to_model_list=True, probability_threshold=None, display=<pycaret.internal.Display.Display object at 0x0000014D874594F0>, kwargs={})
2022-02-20 22:05:07,718:INFO:Checking exceptions
2022-02-20 22:05:07,718:INFO:Importing libraries
2022-02-20 22:05:07,718:INFO:Copying training dataset
2022-02-20 22:05:07,718:INFO:Defining folds
2022-02-20 22:05:07,719:INFO:Declaring metric variables
2022-02-20 22:05:07,724:INFO:Importing untrained model
2022-02-20 22:05:07,732:INFO:Bayesian Ridge Imported succesfully
2022-02-20 22:05:07,749:INFO:Starting cross validation
2022-02-20 22:05:07,750:INFO:Cross validating with TimeSeriesSplit(max_train_size=None, n_splits=3), n_jobs=-1
2022-02-20 22:05:07,776:INFO:Calculating mean and std
2022-02-20 22:05:07,777:INFO:Creating metrics dataframe
2022-02-20 22:05:07,780:INFO:Uploading results into container
2022-02-20 22:05:07,780:INFO:Uploading model into container now
2022-02-20 22:05:07,780:INFO:create_model_container: 8
2022-02-20 22:05:07,780:INFO:master_model_container: 8
2022-02-20 22:05:07,780:INFO:display_container: 2
2022-02-20 22:05:07,781:INFO:PowerTransformedTargetRegressor(alpha_1=1e-06, alpha_2=1e-06, alpha_init=None,
                                compute_score=False, copy_X=True,
                                fit_intercept=True, lambda_1=1e-06,
                                lambda_2=1e-06, lambda_init=None, n_iter=300,
                                normalize=False,
                                power_transformer_method='box-cox',
                                power_transformer_standardize=True,
                                regressor=BayesianRidge(alpha_1=1e-06,
                                                        alpha_2=1e-06,
                                                        alpha_init=None,
                                                        compute_score=False,
                                                        copy_X=True,
                                                        fit_intercept=True,
                                                        lambda_1=1e-06,
                                                        lambda_2=1e-06,
                                                        lambda_init=None,
                                                        n_iter=300,
                                                        normalize=False,
                                                        tol=0.001,
                                                        verbose=False),
                                tol=0.001, verbose=False)
2022-02-20 22:05:07,781:INFO:create_model() succesfully completed......................................
2022-02-20 22:05:07,850:INFO:SubProcess create_model() end ==================================
2022-02-20 22:05:07,850:INFO:Creating metrics dataframe
2022-02-20 22:05:07,866:INFO:Initializing Passive Aggressive Regressor
2022-02-20 22:05:07,866:INFO:Total runtime is 0.12632488807042438 minutes
2022-02-20 22:05:07,877:INFO:SubProcess create_model() called ==================================
2022-02-20 22:05:07,878:INFO:Initializing create_model()
2022-02-20 22:05:07,878:INFO:create_model(estimator=par, fold=TimeSeriesSplit(max_train_size=None, n_splits=3), round=4, cross_validation=True, predict=True, fit_kwargs={}, groups=None, refit=False, verbose=False, system=False, metrics=None, add_to_model_list=True, probability_threshold=None, display=<pycaret.internal.Display.Display object at 0x0000014D874594F0>, kwargs={})
2022-02-20 22:05:07,878:INFO:Checking exceptions
2022-02-20 22:05:07,878:INFO:Importing libraries
2022-02-20 22:05:07,878:INFO:Copying training dataset
2022-02-20 22:05:07,878:INFO:Defining folds
2022-02-20 22:05:07,878:INFO:Declaring metric variables
2022-02-20 22:05:07,884:INFO:Importing untrained model
2022-02-20 22:05:07,891:INFO:Passive Aggressive Regressor Imported succesfully
2022-02-20 22:05:07,908:INFO:Starting cross validation
2022-02-20 22:05:07,909:INFO:Cross validating with TimeSeriesSplit(max_train_size=None, n_splits=3), n_jobs=-1
2022-02-20 22:05:07,935:INFO:Calculating mean and std
2022-02-20 22:05:07,936:INFO:Creating metrics dataframe
2022-02-20 22:05:07,940:INFO:Uploading results into container
2022-02-20 22:05:07,940:INFO:Uploading model into container now
2022-02-20 22:05:07,940:INFO:create_model_container: 9
2022-02-20 22:05:07,940:INFO:master_model_container: 9
2022-02-20 22:05:07,940:INFO:display_container: 2
2022-02-20 22:05:07,941:INFO:PowerTransformedTargetRegressor(C=1.0, average=False, early_stopping=False,
                                epsilon=0.1, fit_intercept=True,
                                loss='epsilon_insensitive', max_iter=1000,
                                n_iter_no_change=5,
                                power_transformer_method='box-cox',
                                power_transformer_standardize=True,
                                random_state=123,
                                regressor=PassiveAggressiveRegressor(C=1.0,
                                                                     average=False,
                                                                     early_stopping=False,
                                                                     epsilon=0.1,
                                                                     fit_intercept=True,
                                                                     loss='epsilon_insensitive',
                                                                     max_iter=1000,
                                                                     n_iter_no_change=5,
                                                                     random_state=123,
                                                                     shuffle=True,
                                                                     tol=0.001,
                                                                     validation_fraction=0.1,
                                                                     verbose=0,
                                                                     warm_start=False),
                                shuffle=True, tol=0.001,
                                validation_fraction=0.1, verbose=0,
                                warm_start=False)
2022-02-20 22:05:07,941:INFO:create_model() succesfully completed......................................
2022-02-20 22:05:08,009:INFO:SubProcess create_model() end ==================================
2022-02-20 22:05:08,009:INFO:Creating metrics dataframe
2022-02-20 22:05:08,025:INFO:Initializing Huber Regressor
2022-02-20 22:05:08,025:INFO:Total runtime is 0.12896769841512043 minutes
2022-02-20 22:05:08,039:INFO:SubProcess create_model() called ==================================
2022-02-20 22:05:08,040:INFO:Initializing create_model()
2022-02-20 22:05:08,040:INFO:create_model(estimator=huber, fold=TimeSeriesSplit(max_train_size=None, n_splits=3), round=4, cross_validation=True, predict=True, fit_kwargs={}, groups=None, refit=False, verbose=False, system=False, metrics=None, add_to_model_list=True, probability_threshold=None, display=<pycaret.internal.Display.Display object at 0x0000014D874594F0>, kwargs={})
2022-02-20 22:05:08,040:INFO:Checking exceptions
2022-02-20 22:05:08,040:INFO:Importing libraries
2022-02-20 22:05:08,040:INFO:Copying training dataset
2022-02-20 22:05:08,041:INFO:Defining folds
2022-02-20 22:05:08,041:INFO:Declaring metric variables
2022-02-20 22:05:08,047:INFO:Importing untrained model
2022-02-20 22:05:08,055:INFO:Huber Regressor Imported succesfully
2022-02-20 22:05:08,070:INFO:Starting cross validation
2022-02-20 22:05:08,071:INFO:Cross validating with TimeSeriesSplit(max_train_size=None, n_splits=3), n_jobs=-1
2022-02-20 22:05:08,110:INFO:Calculating mean and std
2022-02-20 22:05:08,111:INFO:Creating metrics dataframe
2022-02-20 22:05:08,114:INFO:Uploading results into container
2022-02-20 22:05:08,115:INFO:Uploading model into container now
2022-02-20 22:05:08,115:INFO:create_model_container: 10
2022-02-20 22:05:08,115:INFO:master_model_container: 10
2022-02-20 22:05:08,115:INFO:display_container: 2
2022-02-20 22:05:08,115:INFO:PowerTransformedTargetRegressor(alpha=0.0001, epsilon=1.35, fit_intercept=True,
                                max_iter=100,
                                power_transformer_method='box-cox',
                                power_transformer_standardize=True,
                                regressor=HuberRegressor(alpha=0.0001,
                                                         epsilon=1.35,
                                                         fit_intercept=True,
                                                         max_iter=100,
                                                         tol=1e-05,
                                                         warm_start=False),
                                tol=1e-05, warm_start=False)
2022-02-20 22:05:08,115:INFO:create_model() succesfully completed......................................
2022-02-20 22:05:08,174:INFO:SubProcess create_model() end ==================================
2022-02-20 22:05:08,174:INFO:Creating metrics dataframe
2022-02-20 22:05:08,190:INFO:Initializing K Neighbors Regressor
2022-02-20 22:05:08,190:INFO:Total runtime is 0.13172165552775064 minutes
2022-02-20 22:05:08,211:INFO:SubProcess create_model() called ==================================
2022-02-20 22:05:08,211:INFO:Initializing create_model()
2022-02-20 22:05:08,211:INFO:create_model(estimator=knn, fold=TimeSeriesSplit(max_train_size=None, n_splits=3), round=4, cross_validation=True, predict=True, fit_kwargs={}, groups=None, refit=False, verbose=False, system=False, metrics=None, add_to_model_list=True, probability_threshold=None, display=<pycaret.internal.Display.Display object at 0x0000014D874594F0>, kwargs={})
2022-02-20 22:05:08,211:INFO:Checking exceptions
2022-02-20 22:05:08,211:INFO:Importing libraries
2022-02-20 22:05:08,211:INFO:Copying training dataset
2022-02-20 22:05:08,212:INFO:Defining folds
2022-02-20 22:05:08,212:INFO:Declaring metric variables
2022-02-20 22:05:08,218:INFO:Importing untrained model
2022-02-20 22:05:08,226:INFO:K Neighbors Regressor Imported succesfully
2022-02-20 22:05:08,241:INFO:Starting cross validation
2022-02-20 22:05:08,242:INFO:Cross validating with TimeSeriesSplit(max_train_size=None, n_splits=3), n_jobs=-1
2022-02-20 22:05:08,274:INFO:Calculating mean and std
2022-02-20 22:05:08,274:INFO:Creating metrics dataframe
2022-02-20 22:05:08,277:INFO:Uploading results into container
2022-02-20 22:05:08,277:INFO:Uploading model into container now
2022-02-20 22:05:08,277:INFO:create_model_container: 11
2022-02-20 22:05:08,278:INFO:master_model_container: 11
2022-02-20 22:05:08,278:INFO:display_container: 2
2022-02-20 22:05:08,278:INFO:PowerTransformedTargetRegressor(algorithm='auto', leaf_size=30,
                                metric='minkowski', metric_params=None,
                                n_jobs=-1, n_neighbors=5, p=2,
                                power_transformer_method='box-cox',
                                power_transformer_standardize=True,
                                regressor=KNeighborsRegressor(algorithm='auto',
                                                              leaf_size=30,
                                                              metric='minkowski',
                                                              metric_params=None,
                                                              n_jobs=-1,
                                                              n_neighbors=5,
                                                              p=2,
                                                              weights='uniform'),
                                weights='uniform')
2022-02-20 22:05:08,278:INFO:create_model() succesfully completed......................................
2022-02-20 22:05:08,341:INFO:SubProcess create_model() end ==================================
2022-02-20 22:05:08,341:INFO:Creating metrics dataframe
2022-02-20 22:05:08,356:INFO:Initializing Decision Tree Regressor
2022-02-20 22:05:08,356:INFO:Total runtime is 0.1344952424367269 minutes
2022-02-20 22:05:08,370:INFO:SubProcess create_model() called ==================================
2022-02-20 22:05:08,371:INFO:Initializing create_model()
2022-02-20 22:05:08,371:INFO:create_model(estimator=dt, fold=TimeSeriesSplit(max_train_size=None, n_splits=3), round=4, cross_validation=True, predict=True, fit_kwargs={}, groups=None, refit=False, verbose=False, system=False, metrics=None, add_to_model_list=True, probability_threshold=None, display=<pycaret.internal.Display.Display object at 0x0000014D874594F0>, kwargs={})
2022-02-20 22:05:08,371:INFO:Checking exceptions
2022-02-20 22:05:08,371:INFO:Importing libraries
2022-02-20 22:05:08,371:INFO:Copying training dataset
2022-02-20 22:05:08,372:INFO:Defining folds
2022-02-20 22:05:08,372:INFO:Declaring metric variables
2022-02-20 22:05:08,378:INFO:Importing untrained model
2022-02-20 22:05:08,385:INFO:Decision Tree Regressor Imported succesfully
2022-02-20 22:05:08,402:INFO:Starting cross validation
2022-02-20 22:05:08,402:INFO:Cross validating with TimeSeriesSplit(max_train_size=None, n_splits=3), n_jobs=-1
2022-02-20 22:05:08,425:INFO:Calculating mean and std
2022-02-20 22:05:08,426:INFO:Creating metrics dataframe
2022-02-20 22:05:08,430:INFO:Uploading results into container
2022-02-20 22:05:08,430:INFO:Uploading model into container now
2022-02-20 22:05:08,430:INFO:create_model_container: 12
2022-02-20 22:05:08,430:INFO:master_model_container: 12
2022-02-20 22:05:08,430:INFO:display_container: 2
2022-02-20 22:05:08,431:INFO:PowerTransformedTargetRegressor(ccp_alpha=0.0, criterion='mse', max_depth=None,
                                max_features=None, max_leaf_nodes=None,
                                min_impurity_decrease=0.0,
                                min_impurity_split=None, min_samples_leaf=1,
                                min_samples_split=2,
                                min_weight_fraction_leaf=0.0,
                                power_transformer_method='box-cox',
                                power_transformer_standardize=True,
                                presort='deprecated', random_state=123,
                                regressor=DecisionTreeRegressor(ccp_alpha=0.0,
                                                                criterion='mse',
                                                                max_depth=None,
                                                                max_features=None,
                                                                max_leaf_nodes=None,
                                                                min_impurity_decrease=0.0,
                                                                min_impurity_split=None,
                                                                min_samples_leaf=1,
                                                                min_samples_split=2,
                                                                min_weight_fraction_leaf=0.0,
                                                                presort='deprecated',
                                                                random_state=123,
                                                                splitter='best'),
                                splitter='best')
2022-02-20 22:05:08,431:INFO:create_model() succesfully completed......................................
2022-02-20 22:05:08,506:INFO:SubProcess create_model() end ==================================
2022-02-20 22:05:08,506:INFO:Creating metrics dataframe
2022-02-20 22:05:08,522:INFO:Initializing Random Forest Regressor
2022-02-20 22:05:08,522:INFO:Total runtime is 0.13725023269653322 minutes
2022-02-20 22:05:08,528:INFO:SubProcess create_model() called ==================================
2022-02-20 22:05:08,528:INFO:Initializing create_model()
2022-02-20 22:05:08,528:INFO:create_model(estimator=rf, fold=TimeSeriesSplit(max_train_size=None, n_splits=3), round=4, cross_validation=True, predict=True, fit_kwargs={}, groups=None, refit=False, verbose=False, system=False, metrics=None, add_to_model_list=True, probability_threshold=None, display=<pycaret.internal.Display.Display object at 0x0000014D874594F0>, kwargs={})
2022-02-20 22:05:08,528:INFO:Checking exceptions
2022-02-20 22:05:08,528:INFO:Importing libraries
2022-02-20 22:05:08,529:INFO:Copying training dataset
2022-02-20 22:05:08,529:INFO:Defining folds
2022-02-20 22:05:08,529:INFO:Declaring metric variables
2022-02-20 22:05:08,536:INFO:Importing untrained model
2022-02-20 22:05:08,543:INFO:Random Forest Regressor Imported succesfully
2022-02-20 22:05:08,561:INFO:Starting cross validation
2022-02-20 22:05:08,561:INFO:Cross validating with TimeSeriesSplit(max_train_size=None, n_splits=3), n_jobs=-1
2022-02-20 22:05:08,696:INFO:Calculating mean and std
2022-02-20 22:05:08,696:INFO:Creating metrics dataframe
2022-02-20 22:05:08,696:INFO:Uploading results into container
2022-02-20 22:05:08,696:INFO:Uploading model into container now
2022-02-20 22:05:08,696:INFO:create_model_container: 13
2022-02-20 22:05:08,696:INFO:master_model_container: 13
2022-02-20 22:05:08,696:INFO:display_container: 2
2022-02-20 22:05:08,710:INFO:PowerTransformedTargetRegressor(bootstrap=True, ccp_alpha=0.0, criterion='mse',
                                max_depth=None, max_features='auto',
                                max_leaf_nodes=None, max_samples=None,
                                min_impurity_decrease=0.0,
                                min_impurity_split=None, min_samples_leaf=1,
                                min_samples_split=2,
                                min_weight_fraction_leaf=0.0, n_estimators=100,
                                n_jobs=-1, oob_score=False,
                                power_transformer_method='box-cox',
                                power...
                                regressor=RandomForestRegressor(bootstrap=True,
                                                                ccp_alpha=0.0,
                                                                criterion='mse',
                                                                max_depth=None,
                                                                max_features='auto',
                                                                max_leaf_nodes=None,
                                                                max_samples=None,
                                                                min_impurity_decrease=0.0,
                                                                min_impurity_split=None,
                                                                min_samples_leaf=1,
                                                                min_samples_split=2,
                                                                min_weight_fraction_leaf=0.0,
                                                                n_estimators=100,
                                                                n_jobs=-1,
                                                                oob_score=False,
                                                                random_state=123,
                                                                verbose=0,
                                                                warm_start=False),
                                verbose=0, warm_start=False)
2022-02-20 22:05:08,710:INFO:create_model() succesfully completed......................................
2022-02-20 22:05:08,774:INFO:SubProcess create_model() end ==================================
2022-02-20 22:05:08,774:INFO:Creating metrics dataframe
2022-02-20 22:05:08,789:INFO:Initializing Extra Trees Regressor
2022-02-20 22:05:08,789:INFO:Total runtime is 0.14171004295349124 minutes
2022-02-20 22:05:08,803:INFO:SubProcess create_model() called ==================================
2022-02-20 22:05:08,804:INFO:Initializing create_model()
2022-02-20 22:05:08,804:INFO:create_model(estimator=et, fold=TimeSeriesSplit(max_train_size=None, n_splits=3), round=4, cross_validation=True, predict=True, fit_kwargs={}, groups=None, refit=False, verbose=False, system=False, metrics=None, add_to_model_list=True, probability_threshold=None, display=<pycaret.internal.Display.Display object at 0x0000014D874594F0>, kwargs={})
2022-02-20 22:05:08,804:INFO:Checking exceptions
2022-02-20 22:05:08,804:INFO:Importing libraries
2022-02-20 22:05:08,804:INFO:Copying training dataset
2022-02-20 22:05:08,805:INFO:Defining folds
2022-02-20 22:05:08,805:INFO:Declaring metric variables
2022-02-20 22:05:08,810:INFO:Importing untrained model
2022-02-20 22:05:08,818:INFO:Extra Trees Regressor Imported succesfully
2022-02-20 22:05:08,836:INFO:Starting cross validation
2022-02-20 22:05:08,836:INFO:Cross validating with TimeSeriesSplit(max_train_size=None, n_splits=3), n_jobs=-1
2022-02-20 22:05:08,931:INFO:Calculating mean and std
2022-02-20 22:05:08,931:INFO:Creating metrics dataframe
2022-02-20 22:05:08,931:INFO:Uploading results into container
2022-02-20 22:05:08,931:INFO:Uploading model into container now
2022-02-20 22:05:08,931:INFO:create_model_container: 14
2022-02-20 22:05:08,931:INFO:master_model_container: 14
2022-02-20 22:05:08,931:INFO:display_container: 2
2022-02-20 22:05:08,942:INFO:PowerTransformedTargetRegressor(bootstrap=False, ccp_alpha=0.0, criterion='mse',
                                max_depth=None, max_features='auto',
                                max_leaf_nodes=None, max_samples=None,
                                min_impurity_decrease=0.0,
                                min_impurity_split=None, min_samples_leaf=1,
                                min_samples_split=2,
                                min_weight_fraction_leaf=0.0, n_estimators=100,
                                n_jobs=-1, oob_score=False,
                                power_transformer_method='box-cox',
                                powe...
                                regressor=ExtraTreesRegressor(bootstrap=False,
                                                              ccp_alpha=0.0,
                                                              criterion='mse',
                                                              max_depth=None,
                                                              max_features='auto',
                                                              max_leaf_nodes=None,
                                                              max_samples=None,
                                                              min_impurity_decrease=0.0,
                                                              min_impurity_split=None,
                                                              min_samples_leaf=1,
                                                              min_samples_split=2,
                                                              min_weight_fraction_leaf=0.0,
                                                              n_estimators=100,
                                                              n_jobs=-1,
                                                              oob_score=False,
                                                              random_state=123,
                                                              verbose=0,
                                                              warm_start=False),
                                verbose=0, warm_start=False)
2022-02-20 22:05:08,942:INFO:create_model() succesfully completed......................................
2022-02-20 22:05:09,007:INFO:SubProcess create_model() end ==================================
2022-02-20 22:05:09,007:INFO:Creating metrics dataframe
2022-02-20 22:05:09,023:INFO:Initializing AdaBoost Regressor
2022-02-20 22:05:09,023:INFO:Total runtime is 0.14560656547546388 minutes
2022-02-20 22:05:09,039:INFO:SubProcess create_model() called ==================================
2022-02-20 22:05:09,039:INFO:Initializing create_model()
2022-02-20 22:05:09,039:INFO:create_model(estimator=ada, fold=TimeSeriesSplit(max_train_size=None, n_splits=3), round=4, cross_validation=True, predict=True, fit_kwargs={}, groups=None, refit=False, verbose=False, system=False, metrics=None, add_to_model_list=True, probability_threshold=None, display=<pycaret.internal.Display.Display object at 0x0000014D874594F0>, kwargs={})
2022-02-20 22:05:09,039:INFO:Checking exceptions
2022-02-20 22:05:09,039:INFO:Importing libraries
2022-02-20 22:05:09,039:INFO:Copying training dataset
2022-02-20 22:05:09,040:INFO:Defining folds
2022-02-20 22:05:09,040:INFO:Declaring metric variables
2022-02-20 22:05:09,046:INFO:Importing untrained model
2022-02-20 22:05:09,053:INFO:AdaBoost Regressor Imported succesfully
2022-02-20 22:05:09,068:INFO:Starting cross validation
2022-02-20 22:05:09,069:INFO:Cross validating with TimeSeriesSplit(max_train_size=None, n_splits=3), n_jobs=-1
2022-02-20 22:05:09,132:INFO:Calculating mean and std
2022-02-20 22:05:09,132:INFO:Creating metrics dataframe
2022-02-20 22:05:09,142:INFO:Uploading results into container
2022-02-20 22:05:09,142:INFO:Uploading model into container now
2022-02-20 22:05:09,142:INFO:create_model_container: 15
2022-02-20 22:05:09,142:INFO:master_model_container: 15
2022-02-20 22:05:09,142:INFO:display_container: 2
2022-02-20 22:05:09,143:INFO:PowerTransformedTargetRegressor(base_estimator=None, learning_rate=1.0,
                                loss='linear', n_estimators=50,
                                power_transformer_method='box-cox',
                                power_transformer_standardize=True,
                                random_state=123,
                                regressor=AdaBoostRegressor(base_estimator=None,
                                                            learning_rate=1.0,
                                                            loss='linear',
                                                            n_estimators=50,
                                                            random_state=123))
2022-02-20 22:05:09,143:INFO:create_model() succesfully completed......................................
2022-02-20 22:05:09,206:INFO:SubProcess create_model() end ==================================
2022-02-20 22:05:09,206:INFO:Creating metrics dataframe
2022-02-20 22:05:09,222:INFO:Initializing Gradient Boosting Regressor
2022-02-20 22:05:09,222:INFO:Total runtime is 0.14891845385233562 minutes
2022-02-20 22:05:09,239:INFO:SubProcess create_model() called ==================================
2022-02-20 22:05:09,239:INFO:Initializing create_model()
2022-02-20 22:05:09,239:INFO:create_model(estimator=gbr, fold=TimeSeriesSplit(max_train_size=None, n_splits=3), round=4, cross_validation=True, predict=True, fit_kwargs={}, groups=None, refit=False, verbose=False, system=False, metrics=None, add_to_model_list=True, probability_threshold=None, display=<pycaret.internal.Display.Display object at 0x0000014D874594F0>, kwargs={})
2022-02-20 22:05:09,239:INFO:Checking exceptions
2022-02-20 22:05:09,239:INFO:Importing libraries
2022-02-20 22:05:09,239:INFO:Copying training dataset
2022-02-20 22:05:09,240:INFO:Defining folds
2022-02-20 22:05:09,240:INFO:Declaring metric variables
2022-02-20 22:05:09,245:INFO:Importing untrained model
2022-02-20 22:05:09,253:INFO:Gradient Boosting Regressor Imported succesfully
2022-02-20 22:05:09,268:INFO:Starting cross validation
2022-02-20 22:05:09,269:INFO:Cross validating with TimeSeriesSplit(max_train_size=None, n_splits=3), n_jobs=-1
2022-02-20 22:05:09,313:INFO:Calculating mean and std
2022-02-20 22:05:09,314:INFO:Creating metrics dataframe
2022-02-20 22:05:09,317:INFO:Uploading results into container
2022-02-20 22:05:09,317:INFO:Uploading model into container now
2022-02-20 22:05:09,317:INFO:create_model_container: 16
2022-02-20 22:05:09,317:INFO:master_model_container: 16
2022-02-20 22:05:09,317:INFO:display_container: 2
2022-02-20 22:05:09,319:INFO:PowerTransformedTargetRegressor(alpha=0.9, ccp_alpha=0.0,
                                criterion='friedman_mse', init=None,
                                learning_rate=0.1, loss='ls', max_depth=3,
                                max_features=None, max_leaf_nodes=None,
                                min_impurity_decrease=0.0,
                                min_impurity_split=None, min_samples_leaf=1,
                                min_samples_split=2,
                                min_weight_fraction_leaf=0.0, n_estimators=100,
                                n_iter_no_change=None,
                                power_transformer_method...
                                                                    max_leaf_nodes=None,
                                                                    min_impurity_decrease=0.0,
                                                                    min_impurity_split=None,
                                                                    min_samples_leaf=1,
                                                                    min_samples_split=2,
                                                                    min_weight_fraction_leaf=0.0,
                                                                    n_estimators=100,
                                                                    n_iter_no_change=None,
                                                                    presort='deprecated',
                                                                    random_state=123,
                                                                    subsample=1.0,
                                                                    tol=0.0001,
                                                                    validation_fraction=0.1,
                                                                    verbose=0,
                                                                    warm_start=False),
                                subsample=1.0, tol=0.0001,
                                validation_fraction=0.1, verbose=0,
                                warm_start=False)
2022-02-20 22:05:09,319:INFO:create_model() succesfully completed......................................
2022-02-20 22:05:09,381:INFO:SubProcess create_model() end ==================================
2022-02-20 22:05:09,381:INFO:Creating metrics dataframe
2022-02-20 22:05:09,397:INFO:Initializing Light Gradient Boosting Machine
2022-02-20 22:05:09,397:INFO:Total runtime is 0.15183674494425456 minutes
2022-02-20 22:05:09,415:INFO:SubProcess create_model() called ==================================
2022-02-20 22:05:09,415:INFO:Initializing create_model()
2022-02-20 22:05:09,415:INFO:create_model(estimator=lightgbm, fold=TimeSeriesSplit(max_train_size=None, n_splits=3), round=4, cross_validation=True, predict=True, fit_kwargs={}, groups=None, refit=False, verbose=False, system=False, metrics=None, add_to_model_list=True, probability_threshold=None, display=<pycaret.internal.Display.Display object at 0x0000014D874594F0>, kwargs={})
2022-02-20 22:05:09,415:INFO:Checking exceptions
2022-02-20 22:05:09,415:INFO:Importing libraries
2022-02-20 22:05:09,416:INFO:Copying training dataset
2022-02-20 22:05:09,416:INFO:Defining folds
2022-02-20 22:05:09,416:INFO:Declaring metric variables
2022-02-20 22:05:09,423:INFO:Importing untrained model
2022-02-20 22:05:09,432:INFO:Light Gradient Boosting Machine Imported succesfully
2022-02-20 22:05:09,450:INFO:Starting cross validation
2022-02-20 22:05:09,450:INFO:Cross validating with TimeSeriesSplit(max_train_size=None, n_splits=3), n_jobs=-1
2022-02-20 22:05:09,975:INFO:Calculating mean and std
2022-02-20 22:05:09,975:INFO:Creating metrics dataframe
2022-02-20 22:05:09,975:INFO:Uploading results into container
2022-02-20 22:05:09,975:INFO:Uploading model into container now
2022-02-20 22:05:09,975:INFO:create_model_container: 17
2022-02-20 22:05:09,975:INFO:master_model_container: 17
2022-02-20 22:05:09,975:INFO:display_container: 2
2022-02-20 22:05:09,975:INFO:PowerTransformedTargetRegressor(boosting_type='gbdt', class_weight=None,
                                colsample_bytree=1.0, importance_type='split',
                                learning_rate=0.1, max_depth=-1,
                                min_child_samples=20, min_child_weight=0.001,
                                min_split_gain=0.0, n_estimators=100, n_jobs=-1,
                                num_leaves=31, objective=None,
                                power_transformer_method='box-cox',
                                power_transformer_standardize=True,
                                random_state=1...
                                                        importance_type='split',
                                                        learning_rate=0.1,
                                                        max_depth=-1,
                                                        min_child_samples=20,
                                                        min_child_weight=0.001,
                                                        min_split_gain=0.0,
                                                        n_estimators=100,
                                                        n_jobs=-1,
                                                        num_leaves=31,
                                                        objective=None,
                                                        random_state=123,
                                                        reg_alpha=0.0,
                                                        reg_lambda=0.0,
                                                        silent='warn',
                                                        subsample=1.0,
                                                        subsample_for_bin=200000,
                                                        subsample_freq=0),
                                silent='warn', subsample=1.0,
                                subsample_for_bin=200000, subsample_freq=0)
2022-02-20 22:05:09,975:INFO:create_model() succesfully completed......................................
2022-02-20 22:05:10,039:INFO:SubProcess create_model() end ==================================
2022-02-20 22:05:10,039:INFO:Creating metrics dataframe
2022-02-20 22:05:10,058:INFO:Initializing Dummy Regressor
2022-02-20 22:05:10,058:INFO:Total runtime is 0.16285712321599324 minutes
2022-02-20 22:05:10,074:INFO:SubProcess create_model() called ==================================
2022-02-20 22:05:10,074:INFO:Initializing create_model()
2022-02-20 22:05:10,074:INFO:create_model(estimator=dummy, fold=TimeSeriesSplit(max_train_size=None, n_splits=3), round=4, cross_validation=True, predict=True, fit_kwargs={}, groups=None, refit=False, verbose=False, system=False, metrics=None, add_to_model_list=True, probability_threshold=None, display=<pycaret.internal.Display.Display object at 0x0000014D874594F0>, kwargs={})
2022-02-20 22:05:10,074:INFO:Checking exceptions
2022-02-20 22:05:10,074:INFO:Importing libraries
2022-02-20 22:05:10,074:INFO:Copying training dataset
2022-02-20 22:05:10,074:INFO:Defining folds
2022-02-20 22:05:10,074:INFO:Declaring metric variables
2022-02-20 22:05:10,084:INFO:Importing untrained model
2022-02-20 22:05:10,089:INFO:Dummy Regressor Imported succesfully
2022-02-20 22:05:10,103:INFO:Starting cross validation
2022-02-20 22:05:10,104:INFO:Cross validating with TimeSeriesSplit(max_train_size=None, n_splits=3), n_jobs=-1
2022-02-20 22:05:10,128:INFO:Calculating mean and std
2022-02-20 22:05:10,129:INFO:Creating metrics dataframe
2022-02-20 22:05:10,132:INFO:Uploading results into container
2022-02-20 22:05:10,132:INFO:Uploading model into container now
2022-02-20 22:05:10,132:INFO:create_model_container: 18
2022-02-20 22:05:10,133:INFO:master_model_container: 18
2022-02-20 22:05:10,133:INFO:display_container: 2
2022-02-20 22:05:10,133:INFO:PowerTransformedTargetRegressor(constant=None,
                                power_transformer_method='box-cox',
                                power_transformer_standardize=True,
                                quantile=None,
                                regressor=DummyRegressor(constant=None,
                                                         quantile=None,
                                                         strategy='mean'),
                                strategy='mean')
2022-02-20 22:05:10,133:INFO:create_model() succesfully completed......................................
2022-02-20 22:05:10,196:INFO:SubProcess create_model() end ==================================
2022-02-20 22:05:10,196:INFO:Creating metrics dataframe
2022-02-20 22:05:10,237:INFO:Initializing create_model()
2022-02-20 22:05:10,237:INFO:create_model(estimator=PowerTransformedTargetRegressor(alpha=0.0001, epsilon=1.35, fit_intercept=True,
                                max_iter=100,
                                power_transformer_method='box-cox',
                                power_transformer_standardize=True,
                                regressor=HuberRegressor(alpha=0.0001,
                                                         epsilon=1.35,
                                                         fit_intercept=True,
                                                         max_iter=100,
                                                         tol=1e-05,
                                                         warm_start=False),
                                tol=1e-05, warm_start=False), fold=TimeSeriesSplit(max_train_size=None, n_splits=3), round=4, cross_validation=False, predict=False, fit_kwargs={}, groups=None, refit=True, verbose=False, system=False, metrics=None, add_to_model_list=True, probability_threshold=None, display=None, kwargs={})
2022-02-20 22:05:10,237:INFO:Checking exceptions
2022-02-20 22:05:10,237:INFO:Importing libraries
2022-02-20 22:05:10,237:INFO:Copying training dataset
2022-02-20 22:05:10,237:INFO:Defining folds
2022-02-20 22:05:10,237:INFO:Declaring metric variables
2022-02-20 22:05:10,237:INFO:Importing untrained model
2022-02-20 22:05:10,238:INFO:Declaring custom model
2022-02-20 22:05:10,238:INFO:Huber Regressor Imported succesfully
2022-02-20 22:05:10,238:INFO:Cross validation set to False
2022-02-20 22:05:10,239:INFO:Fitting Model
2022-02-20 22:05:10,254:INFO:PowerTransformedTargetRegressor(alpha=0.0001, epsilon=1.35, fit_intercept=True,
                                max_iter=100,
                                power_transformer_method='box-cox',
                                power_transformer_standardize=True,
                                regressor=HuberRegressor(alpha=0.0001,
                                                         epsilon=1.35,
                                                         fit_intercept=True,
                                                         max_iter=100,
                                                         tol=1e-05,
                                                         warm_start=False),
                                tol=1e-05, warm_start=False)
2022-02-20 22:05:10,254:INFO:create_models() succesfully completed......................................
2022-02-20 22:05:10,359:INFO:create_model_container: 18
2022-02-20 22:05:10,359:INFO:master_model_container: 18
2022-02-20 22:05:10,359:INFO:display_container: 2
2022-02-20 22:05:10,369:INFO:PowerTransformedTargetRegressor(alpha=0.0001, epsilon=1.35, fit_intercept=True,
                                max_iter=100,
                                power_transformer_method='box-cox',
                                power_transformer_standardize=True,
                                regressor=HuberRegressor(alpha=0.0001,
                                                         epsilon=1.35,
                                                         fit_intercept=True,
                                                         max_iter=100,
                                                         tol=1e-05,
                                                         warm_start=False),
                                tol=1e-05, warm_start=False)
2022-02-20 22:05:10,369:INFO:compare_models() succesfully completed......................................
2022-02-20 22:05:10,377:INFO:Initializing predict_model()
2022-02-20 22:05:10,377:INFO:predict_model(estimator=PowerTransformedTargetRegressor(alpha=0.0001, epsilon=1.35, fit_intercept=True,
                                max_iter=100,
                                power_transformer_method='box-cox',
                                power_transformer_standardize=True,
                                regressor=HuberRegressor(alpha=0.0001,
                                                         epsilon=1.35,
                                                         fit_intercept=True,
                                                         max_iter=100,
                                                         tol=1e-05,
                                                         warm_start=False),
                                tol=1e-05, warm_start=False), probability_threshold=None, encoded_labels=True, drift_report=False, raw_score=False, round=4, verbose=True, ml_usecase=MLUsecase.REGRESSION, display=None)
2022-02-20 22:05:10,378:INFO:Checking exceptions
2022-02-20 22:05:10,378:INFO:Preloading libraries
2022-02-20 22:05:10,378:INFO:Preparing display monitor
2022-02-20 22:05:10,504:INFO:Initializing predict_model()
2022-02-20 22:05:10,504:INFO:predict_model(estimator=PowerTransformedTargetRegressor(alpha=0.0001, epsilon=1.35, fit_intercept=True,
                                max_iter=100,
                                power_transformer_method='box-cox',
                                power_transformer_standardize=True,
                                regressor=HuberRegressor(alpha=0.0001,
                                                         epsilon=1.35,
                                                         fit_intercept=True,
                                                         max_iter=100,
                                                         tol=1e-05,
                                                         warm_start=False),
                                tol=1e-05, warm_start=False), probability_threshold=None, encoded_labels=True, drift_report=False, raw_score=False, round=4, verbose=True, ml_usecase=MLUsecase.REGRESSION, display=None)
2022-02-20 22:05:10,504:INFO:Checking exceptions
2022-02-20 22:05:10,504:INFO:Preloading libraries
2022-02-20 22:05:10,504:INFO:Preparing display monitor
